# JRE version: Java(TM) SE Runtime Environment (8.0_11-b12) (build 1.8.0_11-b12)
# Java VM: Java HotSpot(TM) 64-Bit Server VM (25.11-b03 mixed mode bsd-amd64 compressed oops)
Heap:
 PSYoungGen      total 16896K, used 16480K [0x00000007aab00000, 0x00000007ac900000, 0x00000007c0000000)
  eden space 16384K, 100% used [0x00000007aab00000,0x00000007abb00000,0x00000007abb00000)
  from space 512K, 18% used [0x00000007ac880000,0x00000007ac898000,0x00000007ac900000)
  to   space 2048K, 0% used [0x00000007ac500000,0x00000007ac500000,0x00000007ac700000)
 ParOldGen       total 64000K, used 7135K [0x0000000780000000, 0x0000000783e80000, 0x00000007aab00000)
  object space 64000K, 11% used [0x0000000780000000,0x00000007806f7f10,0x0000000783e80000)
 Metaspace       used 12653K, capacity 12777K, committed 12800K, reserved 1060864K
  class space    used 1494K, capacity 1530K, committed 1536K, reserved 1048576K
GC Heap History (10 events):
Event: 8.365 GC heap before
{Heap before GC invocations=18 (full 0):
 PSYoungGen      total 21504K, used 19072K [0x00000007aab00000, 0x00000007ace00000, 0x00000007c0000000)
  eden space 18944K, 100% used [0x00000007aab00000,0x00000007abd80000,0x00000007abd80000)
  from space 2560K, 5% used [0x00000007ac900000,0x00000007ac920000,0x00000007acb80000)
  to   space 2560K, 0% used [0x00000007acb80000,0x00000007acb80000,0x00000007ace00000)
 ParOldGen       total 64000K, used 7103K [0x0000000780000000, 0x0000000783e80000, 0x00000007aab00000)
  object space 64000K, 11% used [0x0000000780000000,0x00000007806eff10,0x0000000783e80000)
 Metaspace       used 12640K, capacity 12777K, committed 12800K, reserved 1060864K
  class space    used 1493K, capacity 1530K, committed 1536K, reserved 1048576K
Event: 8.366 GC heap after
Heap after GC invocations=18 (full 0):
 PSYoungGen      total 18944K, used 128K [0x00000007aab00000, 0x00000007acc00000, 0x00000007c0000000)
  eden space 18432K, 0% used [0x00000007aab00000,0x00000007aab00000,0x00000007abd00000)
  from space 512K, 25% used [0x00000007acb80000,0x00000007acba0000,0x00000007acc00000)
  to   space 2560K, 0% used [0x00000007ac700000,0x00000007ac700000,0x00000007ac980000)
 ParOldGen       total 64000K, used 7119K [0x0000000780000000, 0x0000000783e80000, 0x00000007aab00000)
  object space 64000K, 11% used [0x0000000780000000,0x00000007806f3f10,0x0000000783e80000)
 Metaspace       used 12640K, capacity 12777K, committed 12800K, reserved 1060864K
  class space    used 1493K, capacity 1530K, committed 1536K, reserved 1048576K
}
Event: 8.958 GC heap before
{Heap before GC invocations=19 (full 0):
 PSYoungGen      total 18944K, used 18560K [0x00000007aab00000, 0x00000007acc00000, 0x00000007c0000000)
  eden space 18432K, 100% used [0x00000007aab00000,0x00000007abd00000,0x00000007abd00000)
  from space 512K, 25% used [0x00000007acb80000,0x00000007acba0000,0x00000007acc00000)
  to   space 2560K, 0% used [0x00000007ac700000,0x00000007ac700000,0x00000007ac980000)
 ParOldGen       total 64000K, used 7119K [0x0000000780000000, 0x0000000783e80000, 0x00000007aab00000)
  object space 64000K, 11% used [0x0000000780000000,0x00000007806f3f10,0x0000000783e80000)
 Metaspace       used 12643K, capacity 12777K, committed 12800K, reserved 1060864K
  class space    used 1493K, capacity 1530K, committed 1536K, reserved 1048576K
Event: 8.959 GC heap after
Heap after GC invocations=19 (full 0):
 PSYoungGen      total 20480K, used 128K [0x00000007aab00000, 0x00000007acc00000, 0x00000007c0000000)
  eden space 17920K, 0% used [0x00000007aab00000,0x00000007aab00000,0x00000007abc80000)
  from space 2560K, 5% used [0x00000007ac700000,0x00000007ac720000,0x00000007ac980000)
  to   space 2048K, 0% used [0x00000007aca00000,0x00000007aca00000,0x00000007acc00000)
 ParOldGen       total 64000K, used 7119K [0x0000000780000000, 0x0000000783e80000, 0x00000007aab00000)
  object space 64000K, 11% used [0x0000000780000000,0x00000007806f3f10,0x0000000783e80000)
 Metaspace       used 12643K, capacity 12777K, committed 12800K, reserved 1060864K
  class space    used 1493K, capacity 1530K, committed 1536K, reserved 1048576K
}
Event: 9.538 GC heap before
{Heap before GC invocations=20 (full 0):
 PSYoungGen      total 20480K, used 18048K [0x00000007aab00000, 0x00000007acc00000, 0x00000007c0000000)
  eden space 17920K, 100% used [0x00000007aab00000,0x00000007abc80000,0x00000007abc80000)
  from space 2560K, 5% used [0x00000007ac700000,0x00000007ac720000,0x00000007ac980000)
  to   space 2048K, 0% used [0x00000007aca00000,0x00000007aca00000,0x00000007acc00000)
 ParOldGen       total 64000K, used 7119K [0x0000000780000000, 0x0000000783e80000, 0x00000007aab00000)
  object space 64000K, 11% used [0x0000000780000000,0x00000007806f3f10,0x0000000783e80000)
 Metaspace       used 12644K, capacity 12777K, committed 12800K, reserved 1060864K
  class space    used 1493K, capacity 1530K, committed 1536K, reserved 1048576K
Event: 9.539 GC heap after
Heap after GC invocations=20 (full 0):
 PSYoungGen      total 17920K, used 128K [0x00000007aab00000, 0x00000007aca80000, 0x00000007c0000000)
  eden space 17408K, 0% used [0x00000007aab00000,0x00000007aab00000,0x00000007abc00000)
  from space 512K, 25% used [0x00000007aca00000,0x00000007aca20000,0x00000007aca80000)
  to   space 2048K, 0% used [0x00000007ac680000,0x00000007ac680000,0x00000007ac880000)
 ParOldGen       total 64000K, used 7119K [0x0000000780000000, 0x0000000783e80000, 0x00000007aab00000)
  object space 64000K, 11% used [0x0000000780000000,0x00000007806f3f10,0x0000000783e80000)
 Metaspace       used 12644K, capacity 12777K, committed 12800K, reserved 1060864K
  class space    used 1493K, capacity 1530K, committed 1536K, reserved 1048576K
}
Event: 10.096 GC heap before
{Heap before GC invocations=21 (full 0):
 PSYoungGen      total 17920K, used 17536K [0x00000007aab00000, 0x00000007aca80000, 0x00000007c0000000)
  eden space 17408K, 100% used [0x00000007aab00000,0x00000007abc00000,0x00000007abc00000)
  from space 512K, 25% used [0x00000007aca00000,0x00000007aca20000,0x00000007aca80000)
  to   space 2048K, 0% used [0x00000007ac680000,0x00000007ac680000,0x00000007ac880000)
 ParOldGen       total 64000K, used 7119K [0x0000000780000000, 0x0000000783e80000, 0x00000007aab00000)
  object space 64000K, 11% used [0x0000000780000000,0x00000007806f3f10,0x0000000783e80000)
 Metaspace       used 12647K, capacity 12777K, committed 12800K, reserved 1060864K
  class space    used 1493K, capacity 1530K, committed 1536K, reserved 1048576K
Event: 10.097 GC heap after
Heap after GC invocations=21 (full 0):
 PSYoungGen      total 18944K, used 128K [0x00000007aab00000, 0x00000007aca80000, 0x00000007c0000000)
  eden space 16896K, 0% used [0x00000007aab00000,0x00000007aab00000,0x00000007abb80000)
  from space 2048K, 6% used [0x00000007ac680000,0x00000007ac6a0000,0x00000007ac880000)
  to   space 2048K, 0% used [0x00000007ac880000,0x00000007ac880000,0x00000007aca80000)
 ParOldGen       total 64000K, used 7127K [0x0000000780000000, 0x0000000783e80000, 0x00000007aab00000)
  object space 64000K, 11% used [0x0000000780000000,0x00000007806f5f10,0x0000000783e80000)
 Metaspace       used 12647K, capacity 12777K, committed 12800K, reserved 1060864K
  class space    used 1493K, capacity 1530K, committed 1536K, reserved 1048576K
}
Event: 10.622 GC heap before
{Heap before GC invocations=22 (full 0):
 PSYoungGen      total 18944K, used 17024K [0x00000007aab00000, 0x00000007aca80000, 0x00000007c0000000)
  eden space 16896K, 100% used [0x00000007aab00000,0x00000007abb80000,0x00000007abb80000)
  from space 2048K, 6% used [0x00000007ac680000,0x00000007ac6a0000,0x00000007ac880000)
  to   space 2048K, 0% used [0x00000007ac880000,0x00000007ac880000,0x00000007aca80000)
 ParOldGen       total 64000K, used 7127K [0x0000000780000000, 0x0000000783e80000, 0x00000007aab00000)
  object space 64000K, 11% used [0x0000000780000000,0x00000007806f5f10,0x0000000783e80000)
 Metaspace       used 12647K, capacity 12777K, committed 12800K, reserved 1060864K
  class space    used 1493K, capacity 1530K, committed 1536K, reserved 1048576K
Event: 10.623 GC heap after
Heap after GC invocations=22 (full 0):
 PSYoungGen      total 16896K, used 96K [0x00000007aab00000, 0x00000007ac900000, 0x00000007c0000000)
  eden space 16384K, 0% used [0x00000007aab00000,0x00000007aab00000,0x00000007abb00000)
  from space 512K, 18% used [0x00000007ac880000,0x00000007ac898000,0x00000007ac900000)
  to   space 2048K, 0% used [0x00000007ac500000,0x00000007ac500000,0x00000007ac700000)
 ParOldGen       total 64000K, used 7135K [0x0000000780000000, 0x0000000783e80000, 0x00000007aab00000)
  object space 64000K, 11% used [0x0000000780000000,0x00000007806f7f10,0x0000000783e80000)
 Metaspace       used 12647K, capacity 12777K, committed 12800K, reserved 1060864K
  class space    used 1493K, capacity 1530K, committed 1536K, reserved 1048576K
}

