# JRE version: Java(TM) SE Runtime Environment (8.0_11-b12) (build 1.8.0_11-b12)
# Java VM: Java HotSpot(TM) 64-Bit Server VM (25.11-b03 mixed mode bsd-amd64 compressed oops)
Heap:
 PSYoungGen      total 12288K, used 3312K [0x00000007aab00000, 0x00000007ab900000, 0x00000007c0000000)
  eden space 10240K, 32% used [0x00000007aab00000,0x00000007aae342b0,0x00000007ab500000)
  from space 2048K, 1% used [0x00000007ab700000,0x00000007ab708000,0x00000007ab900000)
  to   space 2048K, 0% used [0x00000007ab500000,0x00000007ab500000,0x00000007ab700000)
 ParOldGen       total 64000K, used 6260K [0x0000000780000000, 0x0000000783e80000, 0x00000007aab00000)
  object space 64000K, 9% used [0x0000000780000000,0x000000078061d300,0x0000000783e80000)
 Metaspace       used 12720K, capacity 12855K, committed 13056K, reserved 1060864K
  class space    used 1492K, capacity 1535K, committed 1536K, reserved 1048576K
GC Heap History (10 events):
Event: 11.342 GC heap before
{Heap before GC invocations=24 (full 0):
 PSYoungGen      total 12288K, used 11872K [0x00000007aab00000, 0x00000007abb80000, 0x00000007c0000000)
  eden space 11776K, 100% used [0x00000007aab00000,0x00000007ab680000,0x00000007ab680000)
  from space 512K, 18% used [0x00000007ab700000,0x00000007ab718000,0x00000007ab780000)
  to   space 2560K, 0% used [0x00000007ab900000,0x00000007ab900000,0x00000007abb80000)
 ParOldGen       total 64000K, used 6196K [0x0000000780000000, 0x0000000783e80000, 0x00000007aab00000)
  object space 64000K, 9% used [0x0000000780000000,0x000000078060d300,0x0000000783e80000)
 Metaspace       used 12712K, capacity 12855K, committed 13056K, reserved 1060864K
  class space    used 1492K, capacity 1535K, committed 1536K, reserved 1048576K
Event: 11.344 GC heap after
Heap after GC invocations=24 (full 0):
 PSYoungGen      total 12288K, used 96K [0x00000007aab00000, 0x00000007aba00000, 0x00000007c0000000)
  eden space 11264K, 0% used [0x00000007aab00000,0x00000007aab00000,0x00000007ab600000)
  from space 1024K, 9% used [0x00000007ab900000,0x00000007ab918000,0x00000007aba00000)
  to   space 2048K, 0% used [0x00000007ab600000,0x00000007ab600000,0x00000007ab800000)
 ParOldGen       total 64000K, used 6212K [0x0000000780000000, 0x0000000783e80000, 0x00000007aab00000)
  object space 64000K, 9% used [0x0000000780000000,0x0000000780611300,0x0000000783e80000)
 Metaspace       used 12712K, capacity 12855K, committed 13056K, reserved 1060864K
  class space    used 1492K, capacity 1535K, committed 1536K, reserved 1048576K
}
Event: 11.823 GC heap before
{Heap before GC invocations=25 (full 0):
 PSYoungGen      total 12288K, used 11360K [0x00000007aab00000, 0x00000007aba00000, 0x00000007c0000000)
  eden space 11264K, 100% used [0x00000007aab00000,0x00000007ab600000,0x00000007ab600000)
  from space 1024K, 9% used [0x00000007ab900000,0x00000007ab918000,0x00000007aba00000)
  to   space 2048K, 0% used [0x00000007ab600000,0x00000007ab600000,0x00000007ab800000)
 ParOldGen       total 64000K, used 6212K [0x0000000780000000, 0x0000000783e80000, 0x00000007aab00000)
  object space 64000K, 9% used [0x0000000780000000,0x0000000780611300,0x0000000783e80000)
 Metaspace       used 12712K, capacity 12855K, committed 13056K, reserved 1060864K
  class space    used 1492K, capacity 1535K, committed 1536K, reserved 1048576K
Event: 11.824 GC heap after
Heap after GC invocations=25 (full 0):
 PSYoungGen      total 11264K, used 32K [0x00000007aab00000, 0x00000007ab980000, 0x00000007c0000000)
  eden space 10752K, 0% used [0x00000007aab00000,0x00000007aab00000,0x00000007ab580000)
  from space 512K, 6% used [0x00000007ab600000,0x00000007ab608000,0x00000007ab680000)
  to   space 2048K, 0% used [0x00000007ab780000,0x00000007ab780000,0x00000007ab980000)
 ParOldGen       total 64000K, used 6236K [0x0000000780000000, 0x0000000783e80000, 0x00000007aab00000)
  object space 64000K, 9% used [0x0000000780000000,0x0000000780617300,0x0000000783e80000)
 Metaspace       used 12712K, capacity 12855K, committed 13056K, reserved 1060864K
  class space    used 1492K, capacity 1535K, committed 1536K, reserved 1048576K
}
Event: 12.270 GC heap before
{Heap before GC invocations=26 (full 0):
 PSYoungGen      total 11264K, used 10784K [0x00000007aab00000, 0x00000007ab980000, 0x00000007c0000000)
  eden space 10752K, 100% used [0x00000007aab00000,0x00000007ab580000,0x00000007ab580000)
  from space 512K, 6% used [0x00000007ab600000,0x00000007ab608000,0x00000007ab680000)
  to   space 2048K, 0% used [0x00000007ab780000,0x00000007ab780000,0x00000007ab980000)
 ParOldGen       total 64000K, used 6236K [0x0000000780000000, 0x0000000783e80000, 0x00000007aab00000)
  object space 64000K, 9% used [0x0000000780000000,0x0000000780617300,0x0000000783e80000)
 Metaspace       used 12713K, capacity 12855K, committed 13056K, reserved 1060864K
  class space    used 1492K, capacity 1535K, committed 1536K, reserved 1048576K
Event: 12.271 GC heap after
Heap after GC invocations=26 (full 0):
 PSYoungGen      total 11776K, used 64K [0x00000007aab00000, 0x00000007ab900000, 0x00000007c0000000)
  eden space 10240K, 0% used [0x00000007aab00000,0x00000007aab00000,0x00000007ab500000)
  from space 1536K, 4% used [0x00000007ab780000,0x00000007ab790000,0x00000007ab900000)
  to   space 2048K, 0% used [0x00000007ab500000,0x00000007ab500000,0x00000007ab700000)
 ParOldGen       total 64000K, used 6236K [0x0000000780000000, 0x0000000783e80000, 0x00000007aab00000)
  object space 64000K, 9% used [0x0000000780000000,0x0000000780617300,0x0000000783e80000)
 Metaspace       used 12713K, capacity 12855K, committed 13056K, reserved 1060864K
  class space    used 1492K, capacity 1535K, committed 1536K, reserved 1048576K
}
Event: 12.653 GC heap before
{Heap before GC invocations=27 (full 0):
 PSYoungGen      total 11776K, used 10304K [0x00000007aab00000, 0x00000007ab900000, 0x00000007c0000000)
  eden space 10240K, 100% used [0x00000007aab00000,0x00000007ab500000,0x00000007ab500000)
  from space 1536K, 4% used [0x00000007ab780000,0x00000007ab790000,0x00000007ab900000)
  to   space 2048K, 0% used [0x00000007ab500000,0x00000007ab500000,0x00000007ab700000)
 ParOldGen       total 64000K, used 6236K [0x0000000780000000, 0x0000000783e80000, 0x00000007aab00000)
  object space 64000K, 9% used [0x0000000780000000,0x0000000780617300,0x0000000783e80000)
 Metaspace       used 12715K, capacity 12855K, committed 13056K, reserved 1060864K
  class space    used 1492K, capacity 1535K, committed 1536K, reserved 1048576K
Event: 12.654 GC heap after
Heap after GC invocations=27 (full 0):
 PSYoungGen      total 12288K, used 64K [0x00000007aab00000, 0x00000007ab900000, 0x00000007c0000000)
  eden space 10240K, 0% used [0x00000007aab00000,0x00000007aab00000,0x00000007ab500000)
  from space 2048K, 3% used [0x00000007ab500000,0x00000007ab510000,0x00000007ab700000)
  to   space 2048K, 0% used [0x00000007ab700000,0x00000007ab700000,0x00000007ab900000)
 ParOldGen       total 64000K, used 6244K [0x0000000780000000, 0x0000000783e80000, 0x00000007aab00000)
  object space 64000K, 9% used [0x0000000780000000,0x0000000780619300,0x0000000783e80000)
 Metaspace       used 12715K, capacity 12855K, committed 13056K, reserved 1060864K
  class space    used 1492K, capacity 1535K, committed 1536K, reserved 1048576K
}
Event: 13.030 GC heap before
{Heap before GC invocations=28 (full 0):
 PSYoungGen      total 12288K, used 10304K [0x00000007aab00000, 0x00000007ab900000, 0x00000007c0000000)
  eden space 10240K, 100% used [0x00000007aab00000,0x00000007ab500000,0x00000007ab500000)
  from space 2048K, 3% used [0x00000007ab500000,0x00000007ab510000,0x00000007ab700000)
  to   space 2048K, 0% used [0x00000007ab700000,0x00000007ab700000,0x00000007ab900000)
 ParOldGen       total 64000K, used 6244K [0x0000000780000000, 0x0000000783e80000, 0x00000007aab00000)
  object space 64000K, 9% used [0x0000000780000000,0x0000000780619300,0x0000000783e80000)
 Metaspace       used 12715K, capacity 12855K, committed 13056K, reserved 1060864K
  class space    used 1492K, capacity 1535K, committed 1536K, reserved 1048576K
Event: 13.031 GC heap after
Heap after GC invocations=28 (full 0):
 PSYoungGen      total 12288K, used 32K [0x00000007aab00000, 0x00000007ab900000, 0x00000007c0000000)
  eden space 10240K, 0% used [0x00000007aab00000,0x00000007aab00000,0x00000007ab500000)
  from space 2048K, 1% used [0x00000007ab700000,0x00000007ab708000,0x00000007ab900000)
  to   space 2048K, 0% used [0x00000007ab500000,0x00000007ab500000,0x00000007ab700000)
 ParOldGen       total 64000K, used 6260K [0x0000000780000000, 0x0000000783e80000, 0x00000007aab00000)
  object space 64000K, 9% used [0x0000000780000000,0x000000078061d300,0x0000000783e80000)
 Metaspace       used 12715K, capacity 12855K, committed 13056K, reserved 1060864K
  class space    used 1492K, capacity 1535K, committed 1536K, reserved 1048576K
}

