# JRE version: Java(TM) SE Runtime Environment (8.0_11-b12) (build 1.8.0_11-b12)
# Java VM: Java HotSpot(TM) 64-Bit Server VM (25.11-b03 mixed mode bsd-amd64 compressed oops)
Heap:
 PSYoungGen      total 10752K, used 3742K [0x00000007aab00000, 0x00000007aba00000, 0x00000007c0000000)
  eden space 10240K, 36% used [0x00000007aab00000,0x00000007aae9fad0,0x00000007ab500000)
  from space 512K, 6% used [0x00000007ab900000,0x00000007ab908000,0x00000007ab980000)
  to   space 512K, 0% used [0x00000007ab980000,0x00000007ab980000,0x00000007aba00000)
 ParOldGen       total 64000K, used 7788K [0x0000000780000000, 0x0000000783e80000, 0x00000007aab00000)
  object space 64000K, 12% used [0x0000000780000000,0x000000078079b090,0x0000000783e80000)
 Metaspace       used 8556K, capacity 8701K, committed 8960K, reserved 1056768K
  class space    used 913K, capacity 983K, committed 1024K, reserved 1048576K
GC Heap History (10 events):
Event: 156.769 GC heap before
{Heap before GC invocations=1575 (full 0):
 PSYoungGen      total 10752K, used 10272K [0x00000007aab00000, 0x00000007aba00000, 0x00000007c0000000)
  eden space 10240K, 100% used [0x00000007aab00000,0x00000007ab500000,0x00000007ab500000)
  from space 512K, 6% used [0x00000007ab980000,0x00000007ab988000,0x00000007aba00000)
  to   space 512K, 0% used [0x00000007ab900000,0x00000007ab900000,0x00000007ab980000)
 ParOldGen       total 64000K, used 7788K [0x0000000780000000, 0x0000000783e80000, 0x00000007aab00000)
  object space 64000K, 12% used [0x0000000780000000,0x000000078079b090,0x0000000783e80000)
 Metaspace       used 8550K, capacity 8701K, committed 8960K, reserved 1056768K
  class space    used 913K, capacity 983K, committed 1024K, reserved 1048576K
Event: 156.769 GC heap after
Heap after GC invocations=1575 (full 0):
 PSYoungGen      total 10752K, used 32K [0x00000007aab00000, 0x00000007aba00000, 0x00000007c0000000)
  eden space 10240K, 0% used [0x00000007aab00000,0x00000007aab00000,0x00000007ab500000)
  from space 512K, 6% used [0x00000007ab900000,0x00000007ab908000,0x00000007ab980000)
  to   space 512K, 0% used [0x00000007ab980000,0x00000007ab980000,0x00000007aba00000)
 ParOldGen       total 64000K, used 7788K [0x0000000780000000, 0x0000000783e80000, 0x00000007aab00000)
  object space 64000K, 12% used [0x0000000780000000,0x000000078079b090,0x0000000783e80000)
 Metaspace       used 8550K, capacity 8701K, committed 8960K, reserved 1056768K
  class space    used 913K, capacity 983K, committed 1024K, reserved 1048576K
}
Event: 156.882 GC heap before
{Heap before GC invocations=1576 (full 0):
 PSYoungGen      total 10752K, used 10272K [0x00000007aab00000, 0x00000007aba00000, 0x00000007c0000000)
  eden space 10240K, 100% used [0x00000007aab00000,0x00000007ab500000,0x00000007ab500000)
  from space 512K, 6% used [0x00000007ab900000,0x00000007ab908000,0x00000007ab980000)
  to   space 512K, 0% used [0x00000007ab980000,0x00000007ab980000,0x00000007aba00000)
 ParOldGen       total 64000K, used 7788K [0x0000000780000000, 0x0000000783e80000, 0x00000007aab00000)
  object space 64000K, 12% used [0x0000000780000000,0x000000078079b090,0x0000000783e80000)
 Metaspace       used 8550K, capacity 8701K, committed 8960K, reserved 1056768K
  class space    used 913K, capacity 983K, committed 1024K, reserved 1048576K
Event: 156.883 GC heap after
Heap after GC invocations=1576 (full 0):
 PSYoungGen      total 10752K, used 32K [0x00000007aab00000, 0x00000007aba00000, 0x00000007c0000000)
  eden space 10240K, 0% used [0x00000007aab00000,0x00000007aab00000,0x00000007ab500000)
  from space 512K, 6% used [0x00000007ab980000,0x00000007ab988000,0x00000007aba00000)
  to   space 512K, 0% used [0x00000007ab900000,0x00000007ab900000,0x00000007ab980000)
 ParOldGen       total 64000K, used 7788K [0x0000000780000000, 0x0000000783e80000, 0x00000007aab00000)
  object space 64000K, 12% used [0x0000000780000000,0x000000078079b090,0x0000000783e80000)
 Metaspace       used 8550K, capacity 8701K, committed 8960K, reserved 1056768K
  class space    used 913K, capacity 983K, committed 1024K, reserved 1048576K
}
Event: 156.987 GC heap before
{Heap before GC invocations=1577 (full 0):
 PSYoungGen      total 10752K, used 10272K [0x00000007aab00000, 0x00000007aba00000, 0x00000007c0000000)
  eden space 10240K, 100% used [0x00000007aab00000,0x00000007ab500000,0x00000007ab500000)
  from space 512K, 6% used [0x00000007ab980000,0x00000007ab988000,0x00000007aba00000)
  to   space 512K, 0% used [0x00000007ab900000,0x00000007ab900000,0x00000007ab980000)
 ParOldGen       total 64000K, used 7788K [0x0000000780000000, 0x0000000783e80000, 0x00000007aab00000)
  object space 64000K, 12% used [0x0000000780000000,0x000000078079b090,0x0000000783e80000)
 Metaspace       used 8550K, capacity 8701K, committed 8960K, reserved 1056768K
  class space    used 913K, capacity 983K, committed 1024K, reserved 1048576K
Event: 156.987 GC heap after
Heap after GC invocations=1577 (full 0):
 PSYoungGen      total 10752K, used 32K [0x00000007aab00000, 0x00000007aba00000, 0x00000007c0000000)
  eden space 10240K, 0% used [0x00000007aab00000,0x00000007aab00000,0x00000007ab500000)
  from space 512K, 6% used [0x00000007ab900000,0x00000007ab908000,0x00000007ab980000)
  to   space 512K, 0% used [0x00000007ab980000,0x00000007ab980000,0x00000007aba00000)
 ParOldGen       total 64000K, used 7788K [0x0000000780000000, 0x0000000783e80000, 0x00000007aab00000)
  object space 64000K, 12% used [0x0000000780000000,0x000000078079b090,0x0000000783e80000)
 Metaspace       used 8550K, capacity 8701K, committed 8960K, reserved 1056768K
  class space    used 913K, capacity 983K, committed 1024K, reserved 1048576K
}
Event: 157.090 GC heap before
{Heap before GC invocations=1578 (full 0):
 PSYoungGen      total 10752K, used 10272K [0x00000007aab00000, 0x00000007aba00000, 0x00000007c0000000)
  eden space 10240K, 100% used [0x00000007aab00000,0x00000007ab500000,0x00000007ab500000)
  from space 512K, 6% used [0x00000007ab900000,0x00000007ab908000,0x00000007ab980000)
  to   space 512K, 0% used [0x00000007ab980000,0x00000007ab980000,0x00000007aba00000)
 ParOldGen       total 64000K, used 7788K [0x0000000780000000, 0x0000000783e80000, 0x00000007aab00000)
  object space 64000K, 12% used [0x0000000780000000,0x000000078079b090,0x0000000783e80000)
 Metaspace       used 8550K, capacity 8701K, committed 8960K, reserved 1056768K
  class space    used 913K, capacity 983K, committed 1024K, reserved 1048576K
Event: 157.091 GC heap after
Heap after GC invocations=1578 (full 0):
 PSYoungGen      total 10752K, used 32K [0x00000007aab00000, 0x00000007aba00000, 0x00000007c0000000)
  eden space 10240K, 0% used [0x00000007aab00000,0x00000007aab00000,0x00000007ab500000)
  from space 512K, 6% used [0x00000007ab980000,0x00000007ab988000,0x00000007aba00000)
  to   space 512K, 0% used [0x00000007ab900000,0x00000007ab900000,0x00000007ab980000)
 ParOldGen       total 64000K, used 7788K [0x0000000780000000, 0x0000000783e80000, 0x00000007aab00000)
  object space 64000K, 12% used [0x0000000780000000,0x000000078079b090,0x0000000783e80000)
 Metaspace       used 8550K, capacity 8701K, committed 8960K, reserved 1056768K
  class space    used 913K, capacity 983K, committed 1024K, reserved 1048576K
}
Event: 157.194 GC heap before
{Heap before GC invocations=1579 (full 0):
 PSYoungGen      total 10752K, used 10272K [0x00000007aab00000, 0x00000007aba00000, 0x00000007c0000000)
  eden space 10240K, 100% used [0x00000007aab00000,0x00000007ab500000,0x00000007ab500000)
  from space 512K, 6% used [0x00000007ab980000,0x00000007ab988000,0x00000007aba00000)
  to   space 512K, 0% used [0x00000007ab900000,0x00000007ab900000,0x00000007ab980000)
 ParOldGen       total 64000K, used 7788K [0x0000000780000000, 0x0000000783e80000, 0x00000007aab00000)
  object space 64000K, 12% used [0x0000000780000000,0x000000078079b090,0x0000000783e80000)
 Metaspace       used 8550K, capacity 8701K, committed 8960K, reserved 1056768K
  class space    used 913K, capacity 983K, committed 1024K, reserved 1048576K
Event: 157.195 GC heap after
Heap after GC invocations=1579 (full 0):
 PSYoungGen      total 10752K, used 32K [0x00000007aab00000, 0x00000007aba00000, 0x00000007c0000000)
  eden space 10240K, 0% used [0x00000007aab00000,0x00000007aab00000,0x00000007ab500000)
  from space 512K, 6% used [0x00000007ab900000,0x00000007ab908000,0x00000007ab980000)
  to   space 512K, 0% used [0x00000007ab980000,0x00000007ab980000,0x00000007aba00000)
 ParOldGen       total 64000K, used 7788K [0x0000000780000000, 0x0000000783e80000, 0x00000007aab00000)
  object space 64000K, 12% used [0x0000000780000000,0x000000078079b090,0x0000000783e80000)
 Metaspace       used 8550K, capacity 8701K, committed 8960K, reserved 1056768K
  class space    used 913K, capacity 983K, committed 1024K, reserved 1048576K
}

