# JRE version: Java(TM) SE Runtime Environment (8.0_11-b12) (build 1.8.0_11-b12)
# Java VM: Java HotSpot(TM) 64-Bit Server VM (25.11-b03 mixed mode bsd-amd64 compressed oops)
Heap:
 PSYoungGen      total 10752K, used 2703K [0x00000007aab00000, 0x00000007ac800000, 0x00000007c0000000)
  eden space 10240K, 26% used [0x00000007aab00000,0x00000007aad9bf08,0x00000007ab500000)
  from space 512K, 6% used [0x00000007ac780000,0x00000007ac788000,0x00000007ac800000)
  to   space 1024K, 0% used [0x00000007ac600000,0x00000007ac600000,0x00000007ac700000)
 ParOldGen       total 64000K, used 2201K [0x0000000780000000, 0x0000000783e80000, 0x00000007aab00000)
  object space 64000K, 3% used [0x0000000780000000,0x0000000780226650,0x0000000783e80000)
 Metaspace       used 8485K, capacity 8605K, committed 8704K, reserved 1056768K
  class space    used 909K, capacity 951K, committed 1024K, reserved 1048576K
GC Heap History (10 events):
Event: 4.617 GC heap before
{Heap before GC invocations=30 (full 0):
 PSYoungGen      total 13824K, used 12832K [0x00000007aab00000, 0x00000007ac980000, 0x00000007c0000000)
  eden space 12800K, 100% used [0x00000007aab00000,0x00000007ab780000,0x00000007ab780000)
  from space 1024K, 3% used [0x00000007ac780000,0x00000007ac788000,0x00000007ac880000)
  to   space 1024K, 0% used [0x00000007ac880000,0x00000007ac880000,0x00000007ac980000)
 ParOldGen       total 64000K, used 2201K [0x0000000780000000, 0x0000000783e80000, 0x00000007aab00000)
  object space 64000K, 3% used [0x0000000780000000,0x0000000780226650,0x0000000783e80000)
 Metaspace       used 8476K, capacity 8605K, committed 8704K, reserved 1056768K
  class space    used 908K, capacity 951K, committed 1024K, reserved 1048576K
Event: 4.617 GC heap after
Heap after GC invocations=30 (full 0):
 PSYoungGen      total 12800K, used 32K [0x00000007aab00000, 0x00000007ac900000, 0x00000007c0000000)
  eden space 12288K, 0% used [0x00000007aab00000,0x00000007aab00000,0x00000007ab700000)
  from space 512K, 6% used [0x00000007ac880000,0x00000007ac888000,0x00000007ac900000)
  to   space 1024K, 0% used [0x00000007ac700000,0x00000007ac700000,0x00000007ac800000)
 ParOldGen       total 64000K, used 2201K [0x0000000780000000, 0x0000000783e80000, 0x00000007aab00000)
  object space 64000K, 3% used [0x0000000780000000,0x0000000780226650,0x0000000783e80000)
 Metaspace       used 8476K, capacity 8605K, committed 8704K, reserved 1056768K
  class space    used 908K, capacity 951K, committed 1024K, reserved 1048576K
}
Event: 4.781 GC heap before
{Heap before GC invocations=31 (full 0):
 PSYoungGen      total 12800K, used 12320K [0x00000007aab00000, 0x00000007ac900000, 0x00000007c0000000)
  eden space 12288K, 100% used [0x00000007aab00000,0x00000007ab700000,0x00000007ab700000)
  from space 512K, 6% used [0x00000007ac880000,0x00000007ac888000,0x00000007ac900000)
  to   space 1024K, 0% used [0x00000007ac700000,0x00000007ac700000,0x00000007ac800000)
 ParOldGen       total 64000K, used 2201K [0x0000000780000000, 0x0000000783e80000, 0x00000007aab00000)
  object space 64000K, 3% used [0x0000000780000000,0x0000000780226650,0x0000000783e80000)
 Metaspace       used 8476K, capacity 8605K, committed 8704K, reserved 1056768K
  class space    used 908K, capacity 951K, committed 1024K, reserved 1048576K
Event: 4.781 GC heap after
Heap after GC invocations=31 (full 0):
 PSYoungGen      total 12800K, used 32K [0x00000007aab00000, 0x00000007ac900000, 0x00000007c0000000)
  eden space 11776K, 0% used [0x00000007aab00000,0x00000007aab00000,0x00000007ab680000)
  from space 1024K, 3% used [0x00000007ac700000,0x00000007ac708000,0x00000007ac800000)
  to   space 1024K, 0% used [0x00000007ac800000,0x00000007ac800000,0x00000007ac900000)
 ParOldGen       total 64000K, used 2201K [0x0000000780000000, 0x0000000783e80000, 0x00000007aab00000)
  object space 64000K, 3% used [0x0000000780000000,0x0000000780226650,0x0000000783e80000)
 Metaspace       used 8476K, capacity 8605K, committed 8704K, reserved 1056768K
  class space    used 908K, capacity 951K, committed 1024K, reserved 1048576K
}
Event: 4.889 GC heap before
{Heap before GC invocations=32 (full 0):
 PSYoungGen      total 12800K, used 11808K [0x00000007aab00000, 0x00000007ac900000, 0x00000007c0000000)
  eden space 11776K, 100% used [0x00000007aab00000,0x00000007ab680000,0x00000007ab680000)
  from space 1024K, 3% used [0x00000007ac700000,0x00000007ac708000,0x00000007ac800000)
  to   space 1024K, 0% used [0x00000007ac800000,0x00000007ac800000,0x00000007ac900000)
 ParOldGen       total 64000K, used 2201K [0x0000000780000000, 0x0000000783e80000, 0x00000007aab00000)
  object space 64000K, 3% used [0x0000000780000000,0x0000000780226650,0x0000000783e80000)
 Metaspace       used 8476K, capacity 8605K, committed 8704K, reserved 1056768K
  class space    used 908K, capacity 951K, committed 1024K, reserved 1048576K
Event: 4.890 GC heap after
Heap after GC invocations=32 (full 0):
 PSYoungGen      total 11776K, used 32K [0x00000007aab00000, 0x00000007ac880000, 0x00000007c0000000)
  eden space 11264K, 0% used [0x00000007aab00000,0x00000007aab00000,0x00000007ab600000)
  from space 512K, 6% used [0x00000007ac800000,0x00000007ac808000,0x00000007ac880000)
  to   space 1024K, 0% used [0x00000007ac680000,0x00000007ac680000,0x00000007ac780000)
 ParOldGen       total 64000K, used 2201K [0x0000000780000000, 0x0000000783e80000, 0x00000007aab00000)
  object space 64000K, 3% used [0x0000000780000000,0x0000000780226650,0x0000000783e80000)
 Metaspace       used 8476K, capacity 8605K, committed 8704K, reserved 1056768K
  class space    used 908K, capacity 951K, committed 1024K, reserved 1048576K
}
Event: 4.995 GC heap before
{Heap before GC invocations=33 (full 0):
 PSYoungGen      total 11776K, used 11296K [0x00000007aab00000, 0x00000007ac880000, 0x00000007c0000000)
  eden space 11264K, 100% used [0x00000007aab00000,0x00000007ab600000,0x00000007ab600000)
  from space 512K, 6% used [0x00000007ac800000,0x00000007ac808000,0x00000007ac880000)
  to   space 1024K, 0% used [0x00000007ac680000,0x00000007ac680000,0x00000007ac780000)
 ParOldGen       total 64000K, used 2201K [0x0000000780000000, 0x0000000783e80000, 0x00000007aab00000)
  object space 64000K, 3% used [0x0000000780000000,0x0000000780226650,0x0000000783e80000)
 Metaspace       used 8478K, capacity 8605K, committed 8704K, reserved 1056768K
  class space    used 908K, capacity 951K, committed 1024K, reserved 1048576K
Event: 4.996 GC heap after
Heap after GC invocations=33 (full 0):
 PSYoungGen      total 11776K, used 32K [0x00000007aab00000, 0x00000007ac880000, 0x00000007c0000000)
  eden space 10752K, 0% used [0x00000007aab00000,0x00000007aab00000,0x00000007ab580000)
  from space 1024K, 3% used [0x00000007ac680000,0x00000007ac688000,0x00000007ac780000)
  to   space 1024K, 0% used [0x00000007ac780000,0x00000007ac780000,0x00000007ac880000)
 ParOldGen       total 64000K, used 2201K [0x0000000780000000, 0x0000000783e80000, 0x00000007aab00000)
  object space 64000K, 3% used [0x0000000780000000,0x0000000780226650,0x0000000783e80000)
 Metaspace       used 8478K, capacity 8605K, committed 8704K, reserved 1056768K
  class space    used 908K, capacity 951K, committed 1024K, reserved 1048576K
}
Event: 5.100 GC heap before
{Heap before GC invocations=34 (full 0):
 PSYoungGen      total 11776K, used 10784K [0x00000007aab00000, 0x00000007ac880000, 0x00000007c0000000)
  eden space 10752K, 100% used [0x00000007aab00000,0x00000007ab580000,0x00000007ab580000)
  from space 1024K, 3% used [0x00000007ac680000,0x00000007ac688000,0x00000007ac780000)
  to   space 1024K, 0% used [0x00000007ac780000,0x00000007ac780000,0x00000007ac880000)
 ParOldGen       total 64000K, used 2201K [0x0000000780000000, 0x0000000783e80000, 0x00000007aab00000)
  object space 64000K, 3% used [0x0000000780000000,0x0000000780226650,0x0000000783e80000)
 Metaspace       used 8478K, capacity 8605K, committed 8704K, reserved 1056768K
  class space    used 908K, capacity 951K, committed 1024K, reserved 1048576K
Event: 5.100 GC heap after
Heap after GC invocations=34 (full 0):
 PSYoungGen      total 10752K, used 32K [0x00000007aab00000, 0x00000007ac800000, 0x00000007c0000000)
  eden space 10240K, 0% used [0x00000007aab00000,0x00000007aab00000,0x00000007ab500000)
  from space 512K, 6% used [0x00000007ac780000,0x00000007ac788000,0x00000007ac800000)
  to   space 1024K, 0% used [0x00000007ac600000,0x00000007ac600000,0x00000007ac700000)
 ParOldGen       total 64000K, used 2201K [0x0000000780000000, 0x0000000783e80000, 0x00000007aab00000)
  object space 64000K, 3% used [0x0000000780000000,0x0000000780226650,0x0000000783e80000)
 Metaspace       used 8478K, capacity 8605K, committed 8704K, reserved 1056768K
  class space    used 908K, capacity 951K, committed 1024K, reserved 1048576K
}

