# JRE version: Java(TM) SE Runtime Environment (8.0_11-b12) (build 1.8.0_11-b12)
# Java VM: Java HotSpot(TM) 64-Bit Server VM (25.11-b03 mixed mode bsd-amd64 compressed oops)
Heap:
 PSYoungGen      total 13824K, used 12365K [0x00000007aab00000, 0x00000007abb00000, 0x00000007c0000000)
  eden space 12288K, 99% used [0x00000007aab00000,0x00000007ab6f3488,0x00000007ab700000)
  from space 1536K, 8% used [0x00000007ab980000,0x00000007ab9a0000,0x00000007abb00000)
  to   space 2048K, 0% used [0x00000007ab700000,0x00000007ab700000,0x00000007ab900000)
 ParOldGen       total 64000K, used 2604K [0x0000000780000000, 0x0000000783e80000, 0x00000007aab00000)
  object space 64000K, 4% used [0x0000000780000000,0x000000078028b328,0x0000000783e80000)
 Metaspace       used 10932K, capacity 11025K, committed 11392K, reserved 1058816K
  class space    used 1258K, capacity 1310K, committed 1408K, reserved 1048576K
GC Heap History (10 events):
Event: 1.421 GC heap before
{Heap before GC invocations=8 (full 0):
 PSYoungGen      total 5632K, used 5504K [0x00000007aab00000, 0x00000007ab700000, 0x00000007c0000000)
  eden space 4096K, 100% used [0x00000007aab00000,0x00000007aaf00000,0x00000007aaf00000)
  from space 1536K, 91% used [0x00000007aaf00000,0x00000007ab060000,0x00000007ab080000)
  to   space 2048K, 0% used [0x00000007ab500000,0x00000007ab500000,0x00000007ab700000)
 ParOldGen       total 64000K, used 1219K [0x0000000780000000, 0x0000000783e80000, 0x00000007aab00000)
  object space 64000K, 1% used [0x0000000780000000,0x0000000780130ea8,0x0000000783e80000)
 Metaspace       used 10697K, capacity 10851K, committed 11008K, reserved 1058816K
  class space    used 1223K, capacity 1273K, committed 1280K, reserved 1048576K
Event: 1.424 GC heap after
Heap after GC invocations=8 (full 0):
 PSYoungGen      total 10240K, used 1152K [0x00000007aab00000, 0x00000007ab700000, 0x00000007c0000000)
  eden space 8192K, 0% used [0x00000007aab00000,0x00000007aab00000,0x00000007ab300000)
  from space 2048K, 56% used [0x00000007ab500000,0x00000007ab620000,0x00000007ab700000)
  to   space 2048K, 0% used [0x00000007ab300000,0x00000007ab300000,0x00000007ab500000)
 ParOldGen       total 64000K, used 1395K [0x0000000780000000, 0x0000000783e80000, 0x00000007aab00000)
  object space 64000K, 2% used [0x0000000780000000,0x000000078015cea8,0x0000000783e80000)
 Metaspace       used 10697K, capacity 10851K, committed 11008K, reserved 1058816K
  class space    used 1223K, capacity 1273K, committed 1280K, reserved 1048576K
}
Event: 2.155 GC heap before
{Heap before GC invocations=9 (full 0):
 PSYoungGen      total 10240K, used 9344K [0x00000007aab00000, 0x00000007ab700000, 0x00000007c0000000)
  eden space 8192K, 100% used [0x00000007aab00000,0x00000007ab300000,0x00000007ab300000)
  from space 2048K, 56% used [0x00000007ab500000,0x00000007ab620000,0x00000007ab700000)
  to   space 2048K, 0% used [0x00000007ab300000,0x00000007ab300000,0x00000007ab500000)
 ParOldGen       total 64000K, used 1395K [0x0000000780000000, 0x0000000783e80000, 0x00000007aab00000)
  object space 64000K, 2% used [0x0000000780000000,0x000000078015cea8,0x0000000783e80000)
 Metaspace       used 10699K, capacity 10851K, committed 11008K, reserved 1058816K
  class space    used 1223K, capacity 1273K, committed 1280K, reserved 1048576K
Event: 2.158 GC heap after
Heap after GC invocations=9 (full 0):
 PSYoungGen      total 10240K, used 512K [0x00000007aab00000, 0x00000007abc00000, 0x00000007c0000000)
  eden space 8192K, 0% used [0x00000007aab00000,0x00000007aab00000,0x00000007ab300000)
  from space 2048K, 25% used [0x00000007ab300000,0x00000007ab380000,0x00000007ab500000)
  to   space 2048K, 0% used [0x00000007aba00000,0x00000007aba00000,0x00000007abc00000)
 ParOldGen       total 64000K, used 2060K [0x0000000780000000, 0x0000000783e80000, 0x00000007aab00000)
  object space 64000K, 3% used [0x0000000780000000,0x0000000780203328,0x0000000783e80000)
 Metaspace       used 10699K, capacity 10851K, committed 11008K, reserved 1058816K
  class space    used 1223K, capacity 1273K, committed 1280K, reserved 1048576K
}
Event: 2.705 GC heap before
{Heap before GC invocations=10 (full 0):
 PSYoungGen      total 10240K, used 8704K [0x00000007aab00000, 0x00000007abc00000, 0x00000007c0000000)
  eden space 8192K, 100% used [0x00000007aab00000,0x00000007ab300000,0x00000007ab300000)
  from space 2048K, 25% used [0x00000007ab300000,0x00000007ab380000,0x00000007ab500000)
  to   space 2048K, 0% used [0x00000007aba00000,0x00000007aba00000,0x00000007abc00000)
 ParOldGen       total 64000K, used 2060K [0x0000000780000000, 0x0000000783e80000, 0x00000007aab00000)
  object space 64000K, 3% used [0x0000000780000000,0x0000000780203328,0x0000000783e80000)
 Metaspace       used 10744K, capacity 10865K, committed 11008K, reserved 1058816K
  class space    used 1227K, capacity 1278K, committed 1280K, reserved 1048576K
Event: 2.707 GC heap after
Heap after GC invocations=10 (full 0):
 PSYoungGen      total 15360K, used 160K [0x00000007aab00000, 0x00000007abc00000, 0x00000007c0000000)
  eden space 13312K, 0% used [0x00000007aab00000,0x00000007aab00000,0x00000007ab800000)
  from space 2048K, 7% used [0x00000007aba00000,0x00000007aba28000,0x00000007abc00000)
  to   space 2048K, 0% used [0x00000007ab800000,0x00000007ab800000,0x00000007aba00000)
 ParOldGen       total 64000K, used 2548K [0x0000000780000000, 0x0000000783e80000, 0x00000007aab00000)
  object space 64000K, 3% used [0x0000000780000000,0x000000078027d328,0x0000000783e80000)
 Metaspace       used 10744K, capacity 10865K, committed 11008K, reserved 1058816K
  class space    used 1227K, capacity 1278K, committed 1280K, reserved 1048576K
}
Event: 3.607 GC heap before
{Heap before GC invocations=11 (full 0):
 PSYoungGen      total 15360K, used 13472K [0x00000007aab00000, 0x00000007abc00000, 0x00000007c0000000)
  eden space 13312K, 100% used [0x00000007aab00000,0x00000007ab800000,0x00000007ab800000)
  from space 2048K, 7% used [0x00000007aba00000,0x00000007aba28000,0x00000007abc00000)
  to   space 2048K, 0% used [0x00000007ab800000,0x00000007ab800000,0x00000007aba00000)
 ParOldGen       total 64000K, used 2548K [0x0000000780000000, 0x0000000783e80000, 0x00000007aab00000)
  object space 64000K, 3% used [0x0000000780000000,0x000000078027d328,0x0000000783e80000)
 Metaspace       used 10783K, capacity 10929K, committed 11008K, reserved 1058816K
  class space    used 1230K, capacity 1278K, committed 1280K, reserved 1048576K
Event: 3.607 GC heap after
Heap after GC invocations=11 (full 0):
 PSYoungGen      total 13312K, used 128K [0x00000007aab00000, 0x00000007abb80000, 0x00000007c0000000)
  eden space 12800K, 0% used [0x00000007aab00000,0x00000007aab00000,0x00000007ab780000)
  from space 512K, 25% used [0x00000007ab800000,0x00000007ab820000,0x00000007ab880000)
  to   space 2048K, 0% used [0x00000007ab980000,0x00000007ab980000,0x00000007abb80000)
 ParOldGen       total 64000K, used 2572K [0x0000000780000000, 0x0000000783e80000, 0x00000007aab00000)
  object space 64000K, 4% used [0x0000000780000000,0x0000000780283328,0x0000000783e80000)
 Metaspace       used 10783K, capacity 10929K, committed 11008K, reserved 1058816K
  class space    used 1230K, capacity 1278K, committed 1280K, reserved 1048576K
}
Event: 4.491 GC heap before
{Heap before GC invocations=12 (full 0):
 PSYoungGen      total 13312K, used 12928K [0x00000007aab00000, 0x00000007abb80000, 0x00000007c0000000)
  eden space 12800K, 100% used [0x00000007aab00000,0x00000007ab780000,0x00000007ab780000)
  from space 512K, 25% used [0x00000007ab800000,0x00000007ab820000,0x00000007ab880000)
  to   space 2048K, 0% used [0x00000007ab980000,0x00000007ab980000,0x00000007abb80000)
 ParOldGen       total 64000K, used 2572K [0x0000000780000000, 0x0000000783e80000, 0x00000007aab00000)
  object space 64000K, 4% used [0x0000000780000000,0x0000000780283328,0x0000000783e80000)
 Metaspace       used 10902K, capacity 11025K, committed 11392K, reserved 1058816K
  class space    used 1257K, capacity 1310K, committed 1408K, reserved 1048576K
Event: 4.492 GC heap after
Heap after GC invocations=12 (full 0):
 PSYoungGen      total 13824K, used 128K [0x00000007aab00000, 0x00000007abb00000, 0x00000007c0000000)
  eden space 12288K, 0% used [0x00000007aab00000,0x00000007aab00000,0x00000007ab700000)
  from space 1536K, 8% used [0x00000007ab980000,0x00000007ab9a0000,0x00000007abb00000)
  to   space 2048K, 0% used [0x00000007ab700000,0x00000007ab700000,0x00000007ab900000)
 ParOldGen       total 64000K, used 2604K [0x0000000780000000, 0x0000000783e80000, 0x00000007aab00000)
  object space 64000K, 4% used [0x0000000780000000,0x000000078028b328,0x0000000783e80000)
 Metaspace       used 10902K, capacity 11025K, committed 11392K, reserved 1058816K
  class space    used 1257K, capacity 1310K, committed 1408K, reserved 1048576K
}

