# JRE version: Java(TM) SE Runtime Environment (8.0_11-b12) (build 1.8.0_11-b12)
# Java VM: Java HotSpot(TM) 64-Bit Server VM (25.11-b03 mixed mode bsd-amd64 compressed oops)
Heap:
 PSYoungGen      total 8192K, used 676K [0x00000007aab00000, 0x00000007ab800000, 0x00000007c0000000)
  eden space 7680K, 7% used [0x00000007aab00000,0x00000007aab910e8,0x00000007ab280000)
  from space 512K, 18% used [0x00000007ab780000,0x00000007ab798000,0x00000007ab800000)
  to   space 2560K, 0% used [0x00000007ab300000,0x00000007ab300000,0x00000007ab580000)
 ParOldGen       total 64000K, used 3920K [0x0000000780000000, 0x0000000783e80000, 0x00000007aab00000)
  object space 64000K, 6% used [0x0000000780000000,0x00000007803d4198,0x0000000783e80000)
 Metaspace       used 12432K, capacity 12521K, committed 12544K, reserved 1060864K
  class space    used 1474K, capacity 1530K, committed 1536K, reserved 1048576K
GC Heap History (10 events):
Event: 2.417 GC heap before
{Heap before GC invocations=8 (full 0):
 PSYoungGen      total 5632K, used 5616K [0x00000007aab00000, 0x00000007ab700000, 0x00000007c0000000)
  eden space 4096K, 100% used [0x00000007aab00000,0x00000007aaf00000,0x00000007aaf00000)
  from space 1536K, 98% used [0x00000007aaf00000,0x00000007ab07c010,0x00000007ab080000)
  to   space 2048K, 0% used [0x00000007ab500000,0x00000007ab500000,0x00000007ab700000)
 ParOldGen       total 64000K, used 1715K [0x0000000780000000, 0x0000000783e80000, 0x00000007aab00000)
  object space 64000K, 2% used [0x0000000780000000,0x00000007801acd38,0x0000000783e80000)
 Metaspace       used 12389K, capacity 12521K, committed 12544K, reserved 1060864K
  class space    used 1473K, capacity 1530K, committed 1536K, reserved 1048576K
Event: 2.421 GC heap after
Heap after GC invocations=8 (full 0):
 PSYoungGen      total 9728K, used 1992K [0x00000007aab00000, 0x00000007ab800000, 0x00000007c0000000)
  eden space 7680K, 0% used [0x00000007aab00000,0x00000007aab00000,0x00000007ab280000)
  from space 2048K, 97% used [0x00000007ab500000,0x00000007ab6f21c8,0x00000007ab700000)
  to   space 2560K, 0% used [0x00000007ab280000,0x00000007ab280000,0x00000007ab500000)
 ParOldGen       total 64000K, used 1923K [0x0000000780000000, 0x0000000783e80000, 0x00000007aab00000)
  object space 64000K, 3% used [0x0000000780000000,0x00000007801e0d38,0x0000000783e80000)
 Metaspace       used 12389K, capacity 12521K, committed 12544K, reserved 1060864K
  class space    used 1473K, capacity 1530K, committed 1536K, reserved 1048576K
}
Event: 4.000 GC heap before
{Heap before GC invocations=9 (full 0):
 PSYoungGen      total 9728K, used 9672K [0x00000007aab00000, 0x00000007ab800000, 0x00000007c0000000)
  eden space 7680K, 100% used [0x00000007aab00000,0x00000007ab280000,0x00000007ab280000)
  from space 2048K, 97% used [0x00000007ab500000,0x00000007ab6f21c8,0x00000007ab700000)
  to   space 2560K, 0% used [0x00000007ab280000,0x00000007ab280000,0x00000007ab500000)
 ParOldGen       total 64000K, used 1923K [0x0000000780000000, 0x0000000783e80000, 0x00000007aab00000)
  object space 64000K, 3% used [0x0000000780000000,0x00000007801e0d38,0x0000000783e80000)
 Metaspace       used 12397K, capacity 12521K, committed 12544K, reserved 1060864K
  class space    used 1473K, capacity 1530K, committed 1536K, reserved 1048576K
Event: 4.003 GC heap after
Heap after GC invocations=9 (full 0):
 PSYoungGen      total 10240K, used 1512K [0x00000007aab00000, 0x00000007abc00000, 0x00000007c0000000)
  eden space 7680K, 0% used [0x00000007aab00000,0x00000007aab00000,0x00000007ab280000)
  from space 2560K, 59% used [0x00000007ab280000,0x00000007ab3fa1c8,0x00000007ab500000)
  to   space 2560K, 0% used [0x00000007ab980000,0x00000007ab980000,0x00000007abc00000)
 ParOldGen       total 64000K, used 2419K [0x0000000780000000, 0x0000000783e80000, 0x00000007aab00000)
  object space 64000K, 3% used [0x0000000780000000,0x000000078025cd20,0x0000000783e80000)
 Metaspace       used 12397K, capacity 12521K, committed 12544K, reserved 1060864K
  class space    used 1473K, capacity 1530K, committed 1536K, reserved 1048576K
}
Event: 5.740 GC heap before
{Heap before GC invocations=10 (full 0):
 PSYoungGen      total 10240K, used 9192K [0x00000007aab00000, 0x00000007abc00000, 0x00000007c0000000)
  eden space 7680K, 100% used [0x00000007aab00000,0x00000007ab280000,0x00000007ab280000)
  from space 2560K, 59% used [0x00000007ab280000,0x00000007ab3fa1c8,0x00000007ab500000)
  to   space 2560K, 0% used [0x00000007ab980000,0x00000007ab980000,0x00000007abc00000)
 ParOldGen       total 64000K, used 2419K [0x0000000780000000, 0x0000000783e80000, 0x00000007aab00000)
  object space 64000K, 3% used [0x0000000780000000,0x000000078025cd20,0x0000000783e80000)
 Metaspace       used 12415K, capacity 12521K, committed 12544K, reserved 1060864K
  class space    used 1474K, capacity 1530K, committed 1536K, reserved 1048576K
Event: 5.743 GC heap after
Heap after GC invocations=10 (full 0):
 PSYoungGen      total 8192K, used 128K [0x00000007aab00000, 0x00000007aba00000, 0x00000007c0000000)
  eden space 7680K, 0% used [0x00000007aab00000,0x00000007aab00000,0x00000007ab280000)
  from space 512K, 25% used [0x00000007ab980000,0x00000007ab9a0000,0x00000007aba00000)
  to   space 2560K, 0% used [0x00000007ab500000,0x00000007ab500000,0x00000007ab780000)
 ParOldGen       total 64000K, used 3872K [0x0000000780000000, 0x0000000783e80000, 0x00000007aab00000)
  object space 64000K, 6% used [0x0000000780000000,0x00000007803c8198,0x0000000783e80000)
 Metaspace       used 12415K, capacity 12521K, committed 12544K, reserved 1060864K
  class space    used 1474K, capacity 1530K, committed 1536K, reserved 1048576K
}
Event: 8.291 GC heap before
{Heap before GC invocations=11 (full 0):
 PSYoungGen      total 8192K, used 7808K [0x00000007aab00000, 0x00000007aba00000, 0x00000007c0000000)
  eden space 7680K, 100% used [0x00000007aab00000,0x00000007ab280000,0x00000007ab280000)
  from space 512K, 25% used [0x00000007ab980000,0x00000007ab9a0000,0x00000007aba00000)
  to   space 2560K, 0% used [0x00000007ab500000,0x00000007ab500000,0x00000007ab780000)
 ParOldGen       total 64000K, used 3872K [0x0000000780000000, 0x0000000783e80000, 0x00000007aab00000)
  object space 64000K, 6% used [0x0000000780000000,0x00000007803c8198,0x0000000783e80000)
 Metaspace       used 12423K, capacity 12521K, committed 12544K, reserved 1060864K
  class space    used 1474K, capacity 1530K, committed 1536K, reserved 1048576K
Event: 8.292 GC heap after
Heap after GC invocations=11 (full 0):
 PSYoungGen      total 10240K, used 128K [0x00000007aab00000, 0x00000007aba00000, 0x00000007c0000000)
  eden space 7680K, 0% used [0x00000007aab00000,0x00000007aab00000,0x00000007ab280000)
  from space 2560K, 5% used [0x00000007ab500000,0x00000007ab520000,0x00000007ab780000)
  to   space 2560K, 0% used [0x00000007ab780000,0x00000007ab780000,0x00000007aba00000)
 ParOldGen       total 64000K, used 3904K [0x0000000780000000, 0x0000000783e80000, 0x00000007aab00000)
  object space 64000K, 6% used [0x0000000780000000,0x00000007803d0198,0x0000000783e80000)
 Metaspace       used 12423K, capacity 12521K, committed 12544K, reserved 1060864K
  class space    used 1474K, capacity 1530K, committed 1536K, reserved 1048576K
}
Event: 9.773 GC heap before
{Heap before GC invocations=12 (full 0):
 PSYoungGen      total 10240K, used 7808K [0x00000007aab00000, 0x00000007aba00000, 0x00000007c0000000)
  eden space 7680K, 100% used [0x00000007aab00000,0x00000007ab280000,0x00000007ab280000)
  from space 2560K, 5% used [0x00000007ab500000,0x00000007ab520000,0x00000007ab780000)
  to   space 2560K, 0% used [0x00000007ab780000,0x00000007ab780000,0x00000007aba00000)
 ParOldGen       total 64000K, used 3904K [0x0000000780000000, 0x0000000783e80000, 0x00000007aab00000)
  object space 64000K, 6% used [0x0000000780000000,0x00000007803d0198,0x0000000783e80000)
 Metaspace       used 12426K, capacity 12521K, committed 12544K, reserved 1060864K
  class space    used 1474K, capacity 1530K, committed 1536K, reserved 1048576K
Event: 9.774 GC heap after
Heap after GC invocations=12 (full 0):
 PSYoungGen      total 8192K, used 96K [0x00000007aab00000, 0x00000007ab800000, 0x00000007c0000000)
  eden space 7680K, 0% used [0x00000007aab00000,0x00000007aab00000,0x00000007ab280000)
  from space 512K, 18% used [0x00000007ab780000,0x00000007ab798000,0x00000007ab800000)
  to   space 2560K, 0% used [0x00000007ab300000,0x00000007ab300000,0x00000007ab580000)
 ParOldGen       total 64000K, used 3920K [0x0000000780000000, 0x0000000783e80000, 0x00000007aab00000)
  object space 64000K, 6% used [0x0000000780000000,0x00000007803d4198,0x0000000783e80000)
 Metaspace       used 12426K, capacity 12521K, committed 12544K, reserved 1060864K
  class space    used 1474K, capacity 1530K, committed 1536K, reserved 1048576K
}

