# JRE version: Java(TM) SE Runtime Environment (8.0_11-b12) (build 1.8.0_11-b12)
# Java VM: Java HotSpot(TM) 64-Bit Server VM (25.11-b03 mixed mode bsd-amd64 compressed oops)
Heap:
 PSYoungGen      total 30208K, used 21573K [0x00000007aab00000, 0x00000007acd80000, 0x00000007c0000000)
  eden space 29696K, 72% used [0x00000007aab00000,0x00000007abff1440,0x00000007ac800000)
  from space 512K, 25% used [0x00000007ac900000,0x00000007ac920000,0x00000007ac980000)
  to   space 2560K, 0% used [0x00000007acb00000,0x00000007acb00000,0x00000007acd80000)
 ParOldGen       total 64000K, used 6750K [0x0000000780000000, 0x0000000783e80000, 0x00000007aab00000)
  object space 64000K, 10% used [0x0000000780000000,0x0000000780697af0,0x0000000783e80000)
 Metaspace       used 12576K, capacity 12713K, committed 12800K, reserved 1060864K
  class space    used 1491K, capacity 1530K, committed 1536K, reserved 1048576K
GC Heap History (10 events):
Event: 1.521 GC heap before
{Heap before GC invocations=13 (full 0):
 PSYoungGen      total 23040K, used 21536K [0x00000007aab00000, 0x00000007ac300000, 0x00000007c0000000)
  eden space 21504K, 100% used [0x00000007aab00000,0x00000007ac000000,0x00000007ac000000)
  from space 1536K, 2% used [0x00000007ac180000,0x00000007ac188000,0x00000007ac300000)
  to   space 1536K, 0% used [0x00000007ac000000,0x00000007ac000000,0x00000007ac180000)
 ParOldGen       total 64000K, used 2154K [0x0000000780000000, 0x0000000783e80000, 0x00000007aab00000)
  object space 64000K, 3% used [0x0000000780000000,0x000000078021aac0,0x0000000783e80000)
 Metaspace       used 8434K, capacity 8541K, committed 8704K, reserved 1056768K
  class space    used 904K, capacity 951K, committed 1024K, reserved 1048576K
Event: 1.522 GC heap after
Heap after GC invocations=13 (full 0):
 PSYoungGen      total 23040K, used 32K [0x00000007aab00000, 0x00000007ad000000, 0x00000007c0000000)
  eden space 21504K, 0% used [0x00000007aab00000,0x00000007aab00000,0x00000007ac000000)
  from space 1536K, 2% used [0x00000007ac000000,0x00000007ac008000,0x00000007ac180000)
  to   space 1536K, 0% used [0x00000007ace80000,0x00000007ace80000,0x00000007ad000000)
 ParOldGen       total 64000K, used 2154K [0x0000000780000000, 0x0000000783e80000, 0x00000007aab00000)
  object space 64000K, 3% used [0x0000000780000000,0x000000078021aac0,0x0000000783e80000)
 Metaspace       used 8434K, capacity 8541K, committed 8704K, reserved 1056768K
  class space    used 904K, capacity 951K, committed 1024K, reserved 1048576K
}
Event: 1.819 GC heap before
{Heap before GC invocations=14 (full 0):
 PSYoungGen      total 23040K, used 21536K [0x00000007aab00000, 0x00000007ad000000, 0x00000007c0000000)
  eden space 21504K, 100% used [0x00000007aab00000,0x00000007ac000000,0x00000007ac000000)
  from space 1536K, 2% used [0x00000007ac000000,0x00000007ac008000,0x00000007ac180000)
  to   space 1536K, 0% used [0x00000007ace80000,0x00000007ace80000,0x00000007ad000000)
 ParOldGen       total 64000K, used 2154K [0x0000000780000000, 0x0000000783e80000, 0x00000007aab00000)
  object space 64000K, 3% used [0x0000000780000000,0x000000078021aac0,0x0000000783e80000)
 Metaspace       used 10649K, capacity 10787K, committed 11008K, reserved 1058816K
  class space    used 1216K, capacity 1273K, committed 1280K, reserved 1048576K
Event: 1.824 GC heap after
Heap after GC invocations=14 (full 0):
 PSYoungGen      total 35328K, used 1536K [0x00000007aab00000, 0x00000007ad200000, 0x00000007c0000000)
  eden space 33792K, 0% used [0x00000007aab00000,0x00000007aab00000,0x00000007acc00000)
  from space 1536K, 100% used [0x00000007ace80000,0x00000007ad000000,0x00000007ad000000)
  to   space 2560K, 0% used [0x00000007acc00000,0x00000007acc00000,0x00000007ace80000)
 ParOldGen       total 64000K, used 4370K [0x0000000780000000, 0x0000000783e80000, 0x00000007aab00000)
  object space 64000K, 6% used [0x0000000780000000,0x0000000780444ad0,0x0000000783e80000)
 Metaspace       used 10649K, capacity 10787K, committed 11008K, reserved 1058816K
  class space    used 1216K, capacity 1273K, committed 1280K, reserved 1048576K
}
Event: 7.964 GC heap before
{Heap before GC invocations=15 (full 0):
 PSYoungGen      total 35328K, used 35328K [0x00000007aab00000, 0x00000007ad200000, 0x00000007c0000000)
  eden space 33792K, 100% used [0x00000007aab00000,0x00000007acc00000,0x00000007acc00000)
  from space 1536K, 100% used [0x00000007ace80000,0x00000007ad000000,0x00000007ad000000)
  to   space 2560K, 0% used [0x00000007acc00000,0x00000007acc00000,0x00000007ace80000)
 ParOldGen       total 64000K, used 4370K [0x0000000780000000, 0x0000000783e80000, 0x00000007aab00000)
  object space 64000K, 6% used [0x0000000780000000,0x0000000780444ad0,0x0000000783e80000)
 Metaspace       used 12492K, capacity 12585K, committed 12800K, reserved 1060864K
  class space    used 1490K, capacity 1530K, committed 1536K, reserved 1048576K
Event: 7.968 GC heap after
Heap after GC invocations=15 (full 0):
 PSYoungGen      total 33280K, used 992K [0x00000007aab00000, 0x00000007acf80000, 0x00000007c0000000)
  eden space 32256K, 0% used [0x00000007aab00000,0x00000007aab00000,0x00000007aca80000)
  from space 1024K, 96% used [0x00000007acc00000,0x00000007accf8010,0x00000007acd00000)
  to   space 2560K, 0% used [0x00000007acd00000,0x00000007acd00000,0x00000007acf80000)
 ParOldGen       total 64000K, used 5930K [0x0000000780000000, 0x0000000783e80000, 0x00000007aab00000)
  object space 64000K, 9% used [0x0000000780000000,0x00000007805caad0,0x0000000783e80000)
 Metaspace       used 12492K, capacity 12585K, committed 12800K, reserved 1060864K
  class space    used 1490K, capacity 1530K, committed 1536K, reserved 1048576K
}
Event: 9.481 GC heap before
{Heap before GC invocations=16 (full 0):
 PSYoungGen      total 33280K, used 33248K [0x00000007aab00000, 0x00000007acf80000, 0x00000007c0000000)
  eden space 32256K, 100% used [0x00000007aab00000,0x00000007aca80000,0x00000007aca80000)
  from space 1024K, 96% used [0x00000007acc00000,0x00000007accf8010,0x00000007acd00000)
  to   space 2560K, 0% used [0x00000007acd00000,0x00000007acd00000,0x00000007acf80000)
 ParOldGen       total 64000K, used 5930K [0x0000000780000000, 0x0000000783e80000, 0x00000007aab00000)
  object space 64000K, 9% used [0x0000000780000000,0x00000007805caad0,0x0000000783e80000)
 Metaspace       used 12520K, capacity 12649K, committed 12800K, reserved 1060864K
  class space    used 1490K, capacity 1530K, committed 1536K, reserved 1048576K
Event: 9.483 GC heap after
Heap after GC invocations=16 (full 0):
 PSYoungGen      total 31744K, used 96K [0x00000007aab00000, 0x00000007ace00000, 0x00000007c0000000)
  eden space 30720K, 0% used [0x00000007aab00000,0x00000007aab00000,0x00000007ac900000)
  from space 1024K, 9% used [0x00000007acd00000,0x00000007acd18000,0x00000007ace00000)
  to   space 2560K, 0% used [0x00000007ac900000,0x00000007ac900000,0x00000007acb80000)
 ParOldGen       total 64000K, used 6742K [0x0000000780000000, 0x0000000783e80000, 0x00000007aab00000)
  object space 64000K, 10% used [0x0000000780000000,0x0000000780695af0,0x0000000783e80000)
 Metaspace       used 12520K, capacity 12649K, committed 12800K, reserved 1060864K
  class space    used 1490K, capacity 1530K, committed 1536K, reserved 1048576K
}
Event: 11.000 GC heap before
{Heap before GC invocations=17 (full 0):
 PSYoungGen      total 31744K, used 30816K [0x00000007aab00000, 0x00000007ace00000, 0x00000007c0000000)
  eden space 30720K, 100% used [0x00000007aab00000,0x00000007ac900000,0x00000007ac900000)
  from space 1024K, 9% used [0x00000007acd00000,0x00000007acd18000,0x00000007ace00000)
  to   space 2560K, 0% used [0x00000007ac900000,0x00000007ac900000,0x00000007acb80000)
 ParOldGen       total 64000K, used 6742K [0x0000000780000000, 0x0000000783e80000, 0x00000007aab00000)
  object space 64000K, 10% used [0x0000000780000000,0x0000000780695af0,0x0000000783e80000)
 Metaspace       used 12560K, capacity 12713K, committed 12800K, reserved 1060864K
  class space    used 1491K, capacity 1530K, committed 1536K, reserved 1048576K
Event: 11.001 GC heap after
Heap after GC invocations=17 (full 0):
 PSYoungGen      total 30208K, used 128K [0x00000007aab00000, 0x00000007acd80000, 0x00000007c0000000)
  eden space 29696K, 0% used [0x00000007aab00000,0x00000007aab00000,0x00000007ac800000)
  from space 512K, 25% used [0x00000007ac900000,0x00000007ac920000,0x00000007ac980000)
  to   space 2560K, 0% used [0x00000007acb00000,0x00000007acb00000,0x00000007acd80000)
 ParOldGen       total 64000K, used 6750K [0x0000000780000000, 0x0000000783e80000, 0x00000007aab00000)
  object space 64000K, 10% used [0x0000000780000000,0x0000000780697af0,0x0000000783e80000)
 Metaspace       used 12560K, capacity 12713K, committed 12800K, reserved 1060864K
  class space    used 1491K, capacity 1530K, committed 1536K, reserved 1048576K
}

