# JRE version: Java(TM) SE Runtime Environment (8.0_11-b12) (build 1.8.0_11-b12)
# Java VM: Java HotSpot(TM) 64-Bit Server VM (25.11-b03 mixed mode bsd-amd64 compressed oops)
Heap:
 PSYoungGen      total 9728K, used 2715K [0x00000007aab00000, 0x00000007ab680000, 0x00000007c0000000)
  eden space 7680K, 34% used [0x00000007aab00000,0x00000007aad8eda8,0x00000007ab280000)
  from space 2048K, 4% used [0x00000007ab280000,0x00000007ab298000,0x00000007ab480000)
  to   space 2048K, 0% used [0x00000007ab480000,0x00000007ab480000,0x00000007ab680000)
 ParOldGen       total 64000K, used 3416K [0x0000000780000000, 0x0000000783e80000, 0x00000007aab00000)
  object space 64000K, 5% used [0x0000000780000000,0x00000007803560d8,0x0000000783e80000)
 Metaspace       used 12424K, capacity 12521K, committed 12544K, reserved 1060864K
  class space    used 1474K, capacity 1530K, committed 1536K, reserved 1048576K
GC Heap History (10 events):
Event: 6.658 GC heap before
{Heap before GC invocations=15 (full 0):
 PSYoungGen      total 8704K, used 7712K [0x00000007aab00000, 0x00000007ab680000, 0x00000007c0000000)
  eden space 7680K, 100% used [0x00000007aab00000,0x00000007ab280000,0x00000007ab280000)
  from space 1024K, 3% used [0x00000007ab580000,0x00000007ab588000,0x00000007ab680000)
  to   space 2048K, 0% used [0x00000007ab280000,0x00000007ab280000,0x00000007ab480000)
 ParOldGen       total 64000K, used 3352K [0x0000000780000000, 0x0000000783e80000, 0x00000007aab00000)
  object space 64000K, 5% used [0x0000000780000000,0x00000007803460d8,0x0000000783e80000)
 Metaspace       used 12410K, capacity 12521K, committed 12544K, reserved 1060864K
  class space    used 1474K, capacity 1530K, committed 1536K, reserved 1048576K
Event: 6.659 GC heap after
Heap after GC invocations=15 (full 0):
 PSYoungGen      total 9728K, used 96K [0x00000007aab00000, 0x00000007ab680000, 0x00000007c0000000)
  eden space 7680K, 0% used [0x00000007aab00000,0x00000007aab00000,0x00000007ab280000)
  from space 2048K, 4% used [0x00000007ab280000,0x00000007ab298000,0x00000007ab480000)
  to   space 2048K, 0% used [0x00000007ab480000,0x00000007ab480000,0x00000007ab680000)
 ParOldGen       total 64000K, used 3360K [0x0000000780000000, 0x0000000783e80000, 0x00000007aab00000)
  object space 64000K, 5% used [0x0000000780000000,0x00000007803480d8,0x0000000783e80000)
 Metaspace       used 12410K, capacity 12521K, committed 12544K, reserved 1060864K
  class space    used 1474K, capacity 1530K, committed 1536K, reserved 1048576K
}
Event: 7.197 GC heap before
{Heap before GC invocations=16 (full 0):
 PSYoungGen      total 9728K, used 7776K [0x00000007aab00000, 0x00000007ab680000, 0x00000007c0000000)
  eden space 7680K, 100% used [0x00000007aab00000,0x00000007ab280000,0x00000007ab280000)
  from space 2048K, 4% used [0x00000007ab280000,0x00000007ab298000,0x00000007ab480000)
  to   space 2048K, 0% used [0x00000007ab480000,0x00000007ab480000,0x00000007ab680000)
 ParOldGen       total 64000K, used 3360K [0x0000000780000000, 0x0000000783e80000, 0x00000007aab00000)
  object space 64000K, 5% used [0x0000000780000000,0x00000007803480d8,0x0000000783e80000)
 Metaspace       used 12412K, capacity 12521K, committed 12544K, reserved 1060864K
  class space    used 1474K, capacity 1530K, committed 1536K, reserved 1048576K
Event: 7.198 GC heap after
Heap after GC invocations=16 (full 0):
 PSYoungGen      total 9728K, used 64K [0x00000007aab00000, 0x00000007ab680000, 0x00000007c0000000)
  eden space 7680K, 0% used [0x00000007aab00000,0x00000007aab00000,0x00000007ab280000)
  from space 2048K, 3% used [0x00000007ab480000,0x00000007ab490000,0x00000007ab680000)
  to   space 2048K, 0% used [0x00000007ab280000,0x00000007ab280000,0x00000007ab480000)
 ParOldGen       total 64000K, used 3368K [0x0000000780000000, 0x0000000783e80000, 0x00000007aab00000)
  object space 64000K, 5% used [0x0000000780000000,0x000000078034a0d8,0x0000000783e80000)
 Metaspace       used 12412K, capacity 12521K, committed 12544K, reserved 1060864K
  class space    used 1474K, capacity 1530K, committed 1536K, reserved 1048576K
}
Event: 7.731 GC heap before
{Heap before GC invocations=17 (full 0):
 PSYoungGen      total 9728K, used 7744K [0x00000007aab00000, 0x00000007ab680000, 0x00000007c0000000)
  eden space 7680K, 100% used [0x00000007aab00000,0x00000007ab280000,0x00000007ab280000)
  from space 2048K, 3% used [0x00000007ab480000,0x00000007ab490000,0x00000007ab680000)
  to   space 2048K, 0% used [0x00000007ab280000,0x00000007ab280000,0x00000007ab480000)
 ParOldGen       total 64000K, used 3368K [0x0000000780000000, 0x0000000783e80000, 0x00000007aab00000)
  object space 64000K, 5% used [0x0000000780000000,0x000000078034a0d8,0x0000000783e80000)
 Metaspace       used 12412K, capacity 12521K, committed 12544K, reserved 1060864K
  class space    used 1474K, capacity 1530K, committed 1536K, reserved 1048576K
Event: 7.732 GC heap after
Heap after GC invocations=17 (full 0):
 PSYoungGen      total 9728K, used 64K [0x00000007aab00000, 0x00000007ab680000, 0x00000007c0000000)
  eden space 7680K, 0% used [0x00000007aab00000,0x00000007aab00000,0x00000007ab280000)
  from space 2048K, 3% used [0x00000007ab280000,0x00000007ab290000,0x00000007ab480000)
  to   space 2048K, 0% used [0x00000007ab480000,0x00000007ab480000,0x00000007ab680000)
 ParOldGen       total 64000K, used 3384K [0x0000000780000000, 0x0000000783e80000, 0x00000007aab00000)
  object space 64000K, 5% used [0x0000000780000000,0x000000078034e0d8,0x0000000783e80000)
 Metaspace       used 12412K, capacity 12521K, committed 12544K, reserved 1060864K
  class space    used 1474K, capacity 1530K, committed 1536K, reserved 1048576K
}
Event: 8.259 GC heap before
{Heap before GC invocations=18 (full 0):
 PSYoungGen      total 9728K, used 7744K [0x00000007aab00000, 0x00000007ab680000, 0x00000007c0000000)
  eden space 7680K, 100% used [0x00000007aab00000,0x00000007ab280000,0x00000007ab280000)
  from space 2048K, 3% used [0x00000007ab280000,0x00000007ab290000,0x00000007ab480000)
  to   space 2048K, 0% used [0x00000007ab480000,0x00000007ab480000,0x00000007ab680000)
 ParOldGen       total 64000K, used 3384K [0x0000000780000000, 0x0000000783e80000, 0x00000007aab00000)
  object space 64000K, 5% used [0x0000000780000000,0x000000078034e0d8,0x0000000783e80000)
 Metaspace       used 12412K, capacity 12521K, committed 12544K, reserved 1060864K
  class space    used 1474K, capacity 1530K, committed 1536K, reserved 1048576K
Event: 8.261 GC heap after
Heap after GC invocations=18 (full 0):
 PSYoungGen      total 9728K, used 64K [0x00000007aab00000, 0x00000007ab680000, 0x00000007c0000000)
  eden space 7680K, 0% used [0x00000007aab00000,0x00000007aab00000,0x00000007ab280000)
  from space 2048K, 3% used [0x00000007ab480000,0x00000007ab490000,0x00000007ab680000)
  to   space 2048K, 0% used [0x00000007ab280000,0x00000007ab280000,0x00000007ab480000)
 ParOldGen       total 64000K, used 3392K [0x0000000780000000, 0x0000000783e80000, 0x00000007aab00000)
  object space 64000K, 5% used [0x0000000780000000,0x00000007803500d8,0x0000000783e80000)
 Metaspace       used 12412K, capacity 12521K, committed 12544K, reserved 1060864K
  class space    used 1474K, capacity 1530K, committed 1536K, reserved 1048576K
}
Event: 8.808 GC heap before
{Heap before GC invocations=19 (full 0):
 PSYoungGen      total 9728K, used 7744K [0x00000007aab00000, 0x00000007ab680000, 0x00000007c0000000)
  eden space 7680K, 100% used [0x00000007aab00000,0x00000007ab280000,0x00000007ab280000)
  from space 2048K, 3% used [0x00000007ab480000,0x00000007ab490000,0x00000007ab680000)
  to   space 2048K, 0% used [0x00000007ab280000,0x00000007ab280000,0x00000007ab480000)
 ParOldGen       total 64000K, used 3392K [0x0000000780000000, 0x0000000783e80000, 0x00000007aab00000)
  object space 64000K, 5% used [0x0000000780000000,0x00000007803500d8,0x0000000783e80000)
 Metaspace       used 12419K, capacity 12521K, committed 12544K, reserved 1060864K
  class space    used 1474K, capacity 1530K, committed 1536K, reserved 1048576K
Event: 8.809 GC heap after
Heap after GC invocations=19 (full 0):
 PSYoungGen      total 9728K, used 96K [0x00000007aab00000, 0x00000007ab680000, 0x00000007c0000000)
  eden space 7680K, 0% used [0x00000007aab00000,0x00000007aab00000,0x00000007ab280000)
  from space 2048K, 4% used [0x00000007ab280000,0x00000007ab298000,0x00000007ab480000)
  to   space 2048K, 0% used [0x00000007ab480000,0x00000007ab480000,0x00000007ab680000)
 ParOldGen       total 64000K, used 3416K [0x0000000780000000, 0x0000000783e80000, 0x00000007aab00000)
  object space 64000K, 5% used [0x0000000780000000,0x00000007803560d8,0x0000000783e80000)
 Metaspace       used 12419K, capacity 12521K, committed 12544K, reserved 1060864K
  class space    used 1474K, capacity 1530K, committed 1536K, reserved 1048576K
}

