# JRE version: Java(TM) SE Runtime Environment (8.0_11-b12) (build 1.8.0_11-b12)
# Java VM: Java HotSpot(TM) 64-Bit Server VM (25.11-b03 mixed mode bsd-amd64 compressed oops)
Heap:
 PSYoungGen      total 10240K, used 7576K [0x00000007aab00000, 0x00000007ab780000, 0x00000007c0000000)
  eden space 7680K, 78% used [0x00000007aab00000,0x00000007ab0da100,0x00000007ab280000)
  from space 2560K, 61% used [0x00000007ab280000,0x00000007ab40c020,0x00000007ab500000)
  to   space 2560K, 0% used [0x00000007ab500000,0x00000007ab500000,0x00000007ab780000)
 ParOldGen       total 64000K, used 2294K [0x0000000780000000, 0x0000000783e80000, 0x00000007aab00000)
  object space 64000K, 3% used [0x0000000780000000,0x000000078023da58,0x0000000783e80000)
 Metaspace       used 12454K, capacity 12585K, committed 12800K, reserved 1060864K
  class space    used 1478K, capacity 1530K, committed 1536K, reserved 1048576K
GC Heap History (10 events):
Event: 0.519 GC heap before
{Heap before GC invocations=5 (full 0):
 PSYoungGen      total 2560K, used 2560K [0x00000007aab00000, 0x00000007aae00000, 0x00000007c0000000)
  eden space 2048K, 100% used [0x00000007aab00000,0x00000007aad00000,0x00000007aad00000)
  from space 512K, 100% used [0x00000007aad80000,0x00000007aae00000,0x00000007aae00000)
  to   space 512K, 0% used [0x00000007aad00000,0x00000007aad00000,0x00000007aad80000)
 ParOldGen       total 64000K, used 488K [0x0000000780000000, 0x0000000783e80000, 0x00000007aab00000)
  object space 64000K, 0% used [0x0000000780000000,0x000000078007a3b8,0x0000000783e80000)
 Metaspace       used 5442K, capacity 5599K, committed 5760K, reserved 1056768K
  class space    used 556K, capacity 594K, committed 640K, reserved 1048576K
Event: 0.521 GC heap after
Heap after GC invocations=5 (full 0):
 PSYoungGen      total 2560K, used 512K [0x00000007aab00000, 0x00000007ab200000, 0x00000007c0000000)
  eden space 2048K, 0% used [0x00000007aab00000,0x00000007aab00000,0x00000007aad00000)
  from space 512K, 100% used [0x00000007aad00000,0x00000007aad80000,0x00000007aad80000)
  to   space 1536K, 0% used [0x00000007ab080000,0x00000007ab080000,0x00000007ab200000)
 ParOldGen       total 64000K, used 1012K [0x0000000780000000, 0x0000000783e80000, 0x00000007aab00000)
  object space 64000K, 1% used [0x0000000780000000,0x00000007800fd2f0,0x0000000783e80000)
 Metaspace       used 5442K, capacity 5599K, committed 5760K, reserved 1056768K
  class space    used 556K, capacity 594K, committed 640K, reserved 1048576K
}
Event: 0.686 GC heap before
{Heap before GC invocations=6 (full 0):
 PSYoungGen      total 2560K, used 2560K [0x00000007aab00000, 0x00000007ab200000, 0x00000007c0000000)
  eden space 2048K, 100% used [0x00000007aab00000,0x00000007aad00000,0x00000007aad00000)
  from space 512K, 100% used [0x00000007aad00000,0x00000007aad80000,0x00000007aad80000)
  to   space 1536K, 0% used [0x00000007ab080000,0x00000007ab080000,0x00000007ab200000)
 ParOldGen       total 64000K, used 1012K [0x0000000780000000, 0x0000000783e80000, 0x00000007aab00000)
  object space 64000K, 1% used [0x0000000780000000,0x00000007800fd2f0,0x0000000783e80000)
 Metaspace       used 8338K, capacity 8445K, committed 8704K, reserved 1056768K
  class space    used 898K, capacity 919K, committed 1024K, reserved 1048576K
Event: 0.688 GC heap after
Heap after GC invocations=6 (full 0):
 PSYoungGen      total 5632K, used 1184K [0x00000007aab00000, 0x00000007ab200000, 0x00000007c0000000)
  eden space 4096K, 0% used [0x00000007aab00000,0x00000007aab00000,0x00000007aaf00000)
  from space 1536K, 77% used [0x00000007ab080000,0x00000007ab1a8000,0x00000007ab200000)
  to   space 1536K, 0% used [0x00000007aaf00000,0x00000007aaf00000,0x00000007ab080000)
 ParOldGen       total 64000K, used 1020K [0x0000000780000000, 0x0000000783e80000, 0x00000007aab00000)
  object space 64000K, 1% used [0x0000000780000000,0x00000007800ff2f0,0x0000000783e80000)
 Metaspace       used 8338K, capacity 8445K, committed 8704K, reserved 1056768K
  class space    used 898K, capacity 919K, committed 1024K, reserved 1048576K
}
Event: 1.456 GC heap before
{Heap before GC invocations=7 (full 0):
 PSYoungGen      total 5632K, used 4675K [0x00000007aab00000, 0x00000007ab200000, 0x00000007c0000000)
  eden space 4096K, 85% used [0x00000007aab00000,0x00000007aae68fd0,0x00000007aaf00000)
  from space 1536K, 77% used [0x00000007ab080000,0x00000007ab1a8000,0x00000007ab200000)
  to   space 1536K, 0% used [0x00000007aaf00000,0x00000007aaf00000,0x00000007ab080000)
 ParOldGen       total 64000K, used 1020K [0x0000000780000000, 0x0000000783e80000, 0x00000007aab00000)
  object space 64000K, 1% used [0x0000000780000000,0x00000007800ff2f0,0x0000000783e80000)
 Metaspace       used 12111K, capacity 12233K, committed 12288K, reserved 1060864K
  class space    used 1432K, capacity 1498K, committed 1536K, reserved 1048576K
Event: 1.461 GC heap after
Heap after GC invocations=7 (full 0):
 PSYoungGen      total 5632K, used 1520K [0x00000007aab00000, 0x00000007ab700000, 0x00000007c0000000)
  eden space 4096K, 0% used [0x00000007aab00000,0x00000007aab00000,0x00000007aaf00000)
  from space 1536K, 98% used [0x00000007aaf00000,0x00000007ab07c010,0x00000007ab080000)
  to   space 2048K, 0% used [0x00000007ab500000,0x00000007ab500000,0x00000007ab700000)
 ParOldGen       total 64000K, used 1697K [0x0000000780000000, 0x0000000783e80000, 0x00000007aab00000)
  object space 64000K, 2% used [0x0000000780000000,0x00000007801a86f8,0x0000000783e80000)
 Metaspace       used 12111K, capacity 12233K, committed 12288K, reserved 1060864K
  class space    used 1432K, capacity 1498K, committed 1536K, reserved 1048576K
}
Event: 3.232 GC heap before
{Heap before GC invocations=8 (full 0):
 PSYoungGen      total 5632K, used 5616K [0x00000007aab00000, 0x00000007ab700000, 0x00000007c0000000)
  eden space 4096K, 100% used [0x00000007aab00000,0x00000007aaf00000,0x00000007aaf00000)
  from space 1536K, 98% used [0x00000007aaf00000,0x00000007ab07c010,0x00000007ab080000)
  to   space 2048K, 0% used [0x00000007ab500000,0x00000007ab500000,0x00000007ab700000)
 ParOldGen       total 64000K, used 1697K [0x0000000780000000, 0x0000000783e80000, 0x00000007aab00000)
  object space 64000K, 2% used [0x0000000780000000,0x00000007801a86f8,0x0000000783e80000)
 Metaspace       used 12405K, capacity 12521K, committed 12544K, reserved 1060864K
  class space    used 1477K, capacity 1530K, committed 1536K, reserved 1048576K
Event: 3.236 GC heap after
Heap after GC invocations=8 (full 0):
 PSYoungGen      total 9728K, used 2032K [0x00000007aab00000, 0x00000007ab800000, 0x00000007c0000000)
  eden space 7680K, 0% used [0x00000007aab00000,0x00000007aab00000,0x00000007ab280000)
  from space 2048K, 99% used [0x00000007ab500000,0x00000007ab6fc020,0x00000007ab700000)
  to   space 2560K, 0% used [0x00000007ab280000,0x00000007ab280000,0x00000007ab500000)
 ParOldGen       total 64000K, used 1837K [0x0000000780000000, 0x0000000783e80000, 0x00000007aab00000)
  object space 64000K, 2% used [0x0000000780000000,0x00000007801cb708,0x0000000783e80000)
 Metaspace       used 12405K, capacity 12521K, committed 12544K, reserved 1060864K
  class space    used 1477K, capacity 1530K, committed 1536K, reserved 1048576K
}
Event: 6.350 GC heap before
{Heap before GC invocations=9 (full 0):
 PSYoungGen      total 9728K, used 9712K [0x00000007aab00000, 0x00000007ab800000, 0x00000007c0000000)
  eden space 7680K, 100% used [0x00000007aab00000,0x00000007ab280000,0x00000007ab280000)
  from space 2048K, 99% used [0x00000007ab500000,0x00000007ab6fc020,0x00000007ab700000)
  to   space 2560K, 0% used [0x00000007ab280000,0x00000007ab280000,0x00000007ab500000)
 ParOldGen       total 64000K, used 1837K [0x0000000780000000, 0x0000000783e80000, 0x00000007aab00000)
  object space 64000K, 2% used [0x0000000780000000,0x00000007801cb708,0x0000000783e80000)
 Metaspace       used 12425K, capacity 12585K, committed 12800K, reserved 1060864K
  class space    used 1477K, capacity 1530K, committed 1536K, reserved 1048576K
Event: 6.354 GC heap after
Heap after GC invocations=9 (full 0):
 PSYoungGen      total 10240K, used 1584K [0x00000007aab00000, 0x00000007ab780000, 0x00000007c0000000)
  eden space 7680K, 0% used [0x00000007aab00000,0x00000007aab00000,0x00000007ab280000)
  from space 2560K, 61% used [0x00000007ab280000,0x00000007ab40c020,0x00000007ab500000)
  to   space 2560K, 0% used [0x00000007ab500000,0x00000007ab500000,0x00000007ab780000)
 ParOldGen       total 64000K, used 2294K [0x0000000780000000, 0x0000000783e80000, 0x00000007aab00000)
  object space 64000K, 3% used [0x0000000780000000,0x000000078023da58,0x0000000783e80000)
 Metaspace       used 12425K, capacity 12585K, committed 12800K, reserved 1060864K
  class space    used 1477K, capacity 1530K, committed 1536K, reserved 1048576K
}

