# JRE version: Java(TM) SE Runtime Environment (8.0_11-b12) (build 1.8.0_11-b12)
# Java VM: Java HotSpot(TM) 64-Bit Server VM (25.11-b03 mixed mode bsd-amd64 compressed oops)
Heap:
 PSYoungGen      total 12288K, used 5939K [0x00000007aab00000, 0x00000007ac300000, 0x00000007c0000000)
  eden space 10752K, 54% used [0x00000007aab00000,0x00000007ab0b4ff8,0x00000007ab580000)
  from space 1536K, 6% used [0x00000007ac000000,0x00000007ac018000,0x00000007ac180000)
  to   space 1536K, 0% used [0x00000007ac180000,0x00000007ac180000,0x00000007ac300000)
 ParOldGen       total 64000K, used 8997K [0x0000000780000000, 0x0000000783e80000, 0x00000007aab00000)
  object space 64000K, 14% used [0x0000000780000000,0x00000007808c9718,0x0000000783e80000)
 Metaspace       used 12639K, capacity 12777K, committed 12800K, reserved 1060864K
  class space    used 1491K, capacity 1530K, committed 1536K, reserved 1048576K
GC Heap History (10 events):
Event: 17.044 GC heap before
{Heap before GC invocations=29 (full 0):
 PSYoungGen      total 13824K, used 13376K [0x00000007aab00000, 0x00000007ac580000, 0x00000007c0000000)
  eden space 13312K, 100% used [0x00000007aab00000,0x00000007ab800000,0x00000007ab800000)
  from space 512K, 12% used [0x00000007ac500000,0x00000007ac510000,0x00000007ac580000)
  to   space 2048K, 0% used [0x00000007ac180000,0x00000007ac180000,0x00000007ac380000)
 ParOldGen       total 64000K, used 8909K [0x0000000780000000, 0x0000000783e80000, 0x00000007aab00000)
  object space 64000K, 13% used [0x0000000780000000,0x00000007808b3718,0x0000000783e80000)
 Metaspace       used 12620K, capacity 12777K, committed 12800K, reserved 1060864K
  class space    used 1491K, capacity 1530K, committed 1536K, reserved 1048576K
Event: 17.045 GC heap after
Heap after GC invocations=29 (full 0):
 PSYoungGen      total 14848K, used 96K [0x00000007aab00000, 0x00000007ac580000, 0x00000007c0000000)
  eden space 12800K, 0% used [0x00000007aab00000,0x00000007aab00000,0x00000007ab780000)
  from space 2048K, 4% used [0x00000007ac180000,0x00000007ac198000,0x00000007ac380000)
  to   space 2048K, 0% used [0x00000007ac380000,0x00000007ac380000,0x00000007ac580000)
 ParOldGen       total 64000K, used 8925K [0x0000000780000000, 0x0000000783e80000, 0x00000007aab00000)
  object space 64000K, 13% used [0x0000000780000000,0x00000007808b7718,0x0000000783e80000)
 Metaspace       used 12620K, capacity 12777K, committed 12800K, reserved 1060864K
  class space    used 1491K, capacity 1530K, committed 1536K, reserved 1048576K
}
Event: 17.587 GC heap before
{Heap before GC invocations=30 (full 0):
 PSYoungGen      total 14848K, used 12896K [0x00000007aab00000, 0x00000007ac580000, 0x00000007c0000000)
  eden space 12800K, 100% used [0x00000007aab00000,0x00000007ab780000,0x00000007ab780000)
  from space 2048K, 4% used [0x00000007ac180000,0x00000007ac198000,0x00000007ac380000)
  to   space 2048K, 0% used [0x00000007ac380000,0x00000007ac380000,0x00000007ac580000)
 ParOldGen       total 64000K, used 8925K [0x0000000780000000, 0x0000000783e80000, 0x00000007aab00000)
  object space 64000K, 13% used [0x0000000780000000,0x00000007808b7718,0x0000000783e80000)
 Metaspace       used 12624K, capacity 12777K, committed 12800K, reserved 1060864K
  class space    used 1491K, capacity 1530K, committed 1536K, reserved 1048576K
Event: 17.588 GC heap after
Heap after GC invocations=30 (full 0):
 PSYoungGen      total 12800K, used 96K [0x00000007aab00000, 0x00000007ac400000, 0x00000007c0000000)
  eden space 12288K, 0% used [0x00000007aab00000,0x00000007aab00000,0x00000007ab700000)
  from space 512K, 18% used [0x00000007ac380000,0x00000007ac398000,0x00000007ac400000)
  to   space 2048K, 0% used [0x00000007ac000000,0x00000007ac000000,0x00000007ac200000)
 ParOldGen       total 64000K, used 8941K [0x0000000780000000, 0x0000000783e80000, 0x00000007aab00000)
  object space 64000K, 13% used [0x0000000780000000,0x00000007808bb718,0x0000000783e80000)
 Metaspace       used 12624K, capacity 12777K, committed 12800K, reserved 1060864K
  class space    used 1491K, capacity 1530K, committed 1536K, reserved 1048576K
}
Event: 18.054 GC heap before
{Heap before GC invocations=31 (full 0):
 PSYoungGen      total 12800K, used 12384K [0x00000007aab00000, 0x00000007ac400000, 0x00000007c0000000)
  eden space 12288K, 100% used [0x00000007aab00000,0x00000007ab700000,0x00000007ab700000)
  from space 512K, 18% used [0x00000007ac380000,0x00000007ac398000,0x00000007ac400000)
  to   space 2048K, 0% used [0x00000007ac000000,0x00000007ac000000,0x00000007ac200000)
 ParOldGen       total 64000K, used 8941K [0x0000000780000000, 0x0000000783e80000, 0x00000007aab00000)
  object space 64000K, 13% used [0x0000000780000000,0x00000007808bb718,0x0000000783e80000)
 Metaspace       used 12631K, capacity 12777K, committed 12800K, reserved 1060864K
  class space    used 1491K, capacity 1530K, committed 1536K, reserved 1048576K
Event: 18.054 GC heap after
Heap after GC invocations=31 (full 0):
 PSYoungGen      total 13824K, used 96K [0x00000007aab00000, 0x00000007ac400000, 0x00000007c0000000)
  eden space 11776K, 0% used [0x00000007aab00000,0x00000007aab00000,0x00000007ab680000)
  from space 2048K, 4% used [0x00000007ac000000,0x00000007ac018000,0x00000007ac200000)
  to   space 1536K, 0% used [0x00000007ac280000,0x00000007ac280000,0x00000007ac400000)
 ParOldGen       total 64000K, used 8949K [0x0000000780000000, 0x0000000783e80000, 0x00000007aab00000)
  object space 64000K, 13% used [0x0000000780000000,0x00000007808bd718,0x0000000783e80000)
 Metaspace       used 12631K, capacity 12777K, committed 12800K, reserved 1060864K
  class space    used 1491K, capacity 1530K, committed 1536K, reserved 1048576K
}
Event: 18.569 GC heap before
{Heap before GC invocations=32 (full 0):
 PSYoungGen      total 13824K, used 11872K [0x00000007aab00000, 0x00000007ac400000, 0x00000007c0000000)
  eden space 11776K, 100% used [0x00000007aab00000,0x00000007ab680000,0x00000007ab680000)
  from space 2048K, 4% used [0x00000007ac000000,0x00000007ac018000,0x00000007ac200000)
  to   space 1536K, 0% used [0x00000007ac280000,0x00000007ac280000,0x00000007ac400000)
 ParOldGen       total 64000K, used 8949K [0x0000000780000000, 0x0000000783e80000, 0x00000007aab00000)
  object space 64000K, 13% used [0x0000000780000000,0x00000007808bd718,0x0000000783e80000)
 Metaspace       used 12632K, capacity 12777K, committed 12800K, reserved 1060864K
  class space    used 1491K, capacity 1530K, committed 1536K, reserved 1048576K
Event: 18.570 GC heap after
Heap after GC invocations=32 (full 0):
 PSYoungGen      total 11776K, used 128K [0x00000007aab00000, 0x00000007ac300000, 0x00000007c0000000)
  eden space 11264K, 0% used [0x00000007aab00000,0x00000007aab00000,0x00000007ab600000)
  from space 512K, 25% used [0x00000007ac280000,0x00000007ac2a0000,0x00000007ac300000)
  to   space 1536K, 0% used [0x00000007ac000000,0x00000007ac000000,0x00000007ac180000)
 ParOldGen       total 64000K, used 8973K [0x0000000780000000, 0x0000000783e80000, 0x00000007aab00000)
  object space 64000K, 14% used [0x0000000780000000,0x00000007808c3718,0x0000000783e80000)
 Metaspace       used 12632K, capacity 12777K, committed 12800K, reserved 1060864K
  class space    used 1491K, capacity 1530K, committed 1536K, reserved 1048576K
}
Event: 18.983 GC heap before
{Heap before GC invocations=33 (full 0):
 PSYoungGen      total 11776K, used 11392K [0x00000007aab00000, 0x00000007ac300000, 0x00000007c0000000)
  eden space 11264K, 100% used [0x00000007aab00000,0x00000007ab600000,0x00000007ab600000)
  from space 512K, 25% used [0x00000007ac280000,0x00000007ac2a0000,0x00000007ac300000)
  to   space 1536K, 0% used [0x00000007ac000000,0x00000007ac000000,0x00000007ac180000)
 ParOldGen       total 64000K, used 8973K [0x0000000780000000, 0x0000000783e80000, 0x00000007aab00000)
  object space 64000K, 14% used [0x0000000780000000,0x00000007808c3718,0x0000000783e80000)
 Metaspace       used 12633K, capacity 12777K, committed 12800K, reserved 1060864K
  class space    used 1491K, capacity 1530K, committed 1536K, reserved 1048576K
Event: 18.984 GC heap after
Heap after GC invocations=33 (full 0):
 PSYoungGen      total 12288K, used 96K [0x00000007aab00000, 0x00000007ac300000, 0x00000007c0000000)
  eden space 10752K, 0% used [0x00000007aab00000,0x00000007aab00000,0x00000007ab580000)
  from space 1536K, 6% used [0x00000007ac000000,0x00000007ac018000,0x00000007ac180000)
  to   space 1536K, 0% used [0x00000007ac180000,0x00000007ac180000,0x00000007ac300000)
 ParOldGen       total 64000K, used 8997K [0x0000000780000000, 0x0000000783e80000, 0x00000007aab00000)
  object space 64000K, 14% used [0x0000000780000000,0x00000007808c9718,0x0000000783e80000)
 Metaspace       used 12633K, capacity 12777K, committed 12800K, reserved 1060864K
  class space    used 1491K, capacity 1530K, committed 1536K, reserved 1048576K
}

