# JRE version: Java(TM) SE Runtime Environment (8.0_11-b12) (build 1.8.0_11-b12)
# Java VM: Java HotSpot(TM) 64-Bit Server VM (25.11-b03 mixed mode bsd-amd64 compressed oops)
Heap:
 PSYoungGen      total 10752K, used 9494K [0x00000007aab00000, 0x00000007ac800000, 0x00000007c0000000)
  eden space 10240K, 92% used [0x00000007aab00000,0x00000007ab43d818,0x00000007ab500000)
  from space 512K, 6% used [0x00000007ac700000,0x00000007ac708000,0x00000007ac780000)
  to   space 512K, 0% used [0x00000007ac780000,0x00000007ac780000,0x00000007ac800000)
 ParOldGen       total 64000K, used 2314K [0x0000000780000000, 0x0000000783e80000, 0x00000007aab00000)
  object space 64000K, 3% used [0x0000000780000000,0x0000000780242a78,0x0000000783e80000)
 Metaspace       used 8517K, capacity 8605K, committed 8704K, reserved 1056768K
  class space    used 909K, capacity 951K, committed 1024K, reserved 1048576K
GC Heap History (10 events):
Event: 5.944 GC heap before
{Heap before GC invocations=47 (full 0):
 PSYoungGen      total 10752K, used 10272K [0x00000007aab00000, 0x00000007ac800000, 0x00000007c0000000)
  eden space 10240K, 100% used [0x00000007aab00000,0x00000007ab500000,0x00000007ab500000)
  from space 512K, 6% used [0x00000007ac780000,0x00000007ac788000,0x00000007ac800000)
  to   space 512K, 0% used [0x00000007ac700000,0x00000007ac700000,0x00000007ac780000)
 ParOldGen       total 64000K, used 2314K [0x0000000780000000, 0x0000000783e80000, 0x00000007aab00000)
  object space 64000K, 3% used [0x0000000780000000,0x0000000780242a78,0x0000000783e80000)
 Metaspace       used 8512K, capacity 8605K, committed 8704K, reserved 1056768K
  class space    used 909K, capacity 951K, committed 1024K, reserved 1048576K
Event: 5.945 GC heap after
Heap after GC invocations=47 (full 0):
 PSYoungGen      total 10752K, used 32K [0x00000007aab00000, 0x00000007ac800000, 0x00000007c0000000)
  eden space 10240K, 0% used [0x00000007aab00000,0x00000007aab00000,0x00000007ab500000)
  from space 512K, 6% used [0x00000007ac700000,0x00000007ac708000,0x00000007ac780000)
  to   space 512K, 0% used [0x00000007ac780000,0x00000007ac780000,0x00000007ac800000)
 ParOldGen       total 64000K, used 2314K [0x0000000780000000, 0x0000000783e80000, 0x00000007aab00000)
  object space 64000K, 3% used [0x0000000780000000,0x0000000780242a78,0x0000000783e80000)
 Metaspace       used 8512K, capacity 8605K, committed 8704K, reserved 1056768K
  class space    used 909K, capacity 951K, committed 1024K, reserved 1048576K
}
Event: 6.044 GC heap before
{Heap before GC invocations=48 (full 0):
 PSYoungGen      total 10752K, used 10272K [0x00000007aab00000, 0x00000007ac800000, 0x00000007c0000000)
  eden space 10240K, 100% used [0x00000007aab00000,0x00000007ab500000,0x00000007ab500000)
  from space 512K, 6% used [0x00000007ac700000,0x00000007ac708000,0x00000007ac780000)
  to   space 512K, 0% used [0x00000007ac780000,0x00000007ac780000,0x00000007ac800000)
 ParOldGen       total 64000K, used 2314K [0x0000000780000000, 0x0000000783e80000, 0x00000007aab00000)
  object space 64000K, 3% used [0x0000000780000000,0x0000000780242a78,0x0000000783e80000)
 Metaspace       used 8512K, capacity 8605K, committed 8704K, reserved 1056768K
  class space    used 909K, capacity 951K, committed 1024K, reserved 1048576K
Event: 6.044 GC heap after
Heap after GC invocations=48 (full 0):
 PSYoungGen      total 10752K, used 32K [0x00000007aab00000, 0x00000007ac800000, 0x00000007c0000000)
  eden space 10240K, 0% used [0x00000007aab00000,0x00000007aab00000,0x00000007ab500000)
  from space 512K, 6% used [0x00000007ac780000,0x00000007ac788000,0x00000007ac800000)
  to   space 512K, 0% used [0x00000007ac700000,0x00000007ac700000,0x00000007ac780000)
 ParOldGen       total 64000K, used 2314K [0x0000000780000000, 0x0000000783e80000, 0x00000007aab00000)
  object space 64000K, 3% used [0x0000000780000000,0x0000000780242a78,0x0000000783e80000)
 Metaspace       used 8512K, capacity 8605K, committed 8704K, reserved 1056768K
  class space    used 909K, capacity 951K, committed 1024K, reserved 1048576K
}
Event: 6.140 GC heap before
{Heap before GC invocations=49 (full 0):
 PSYoungGen      total 10752K, used 10272K [0x00000007aab00000, 0x00000007ac800000, 0x00000007c0000000)
  eden space 10240K, 100% used [0x00000007aab00000,0x00000007ab500000,0x00000007ab500000)
  from space 512K, 6% used [0x00000007ac780000,0x00000007ac788000,0x00000007ac800000)
  to   space 512K, 0% used [0x00000007ac700000,0x00000007ac700000,0x00000007ac780000)
 ParOldGen       total 64000K, used 2314K [0x0000000780000000, 0x0000000783e80000, 0x00000007aab00000)
  object space 64000K, 3% used [0x0000000780000000,0x0000000780242a78,0x0000000783e80000)
 Metaspace       used 8512K, capacity 8605K, committed 8704K, reserved 1056768K
  class space    used 909K, capacity 951K, committed 1024K, reserved 1048576K
Event: 6.140 GC heap after
Heap after GC invocations=49 (full 0):
 PSYoungGen      total 10752K, used 32K [0x00000007aab00000, 0x00000007ac800000, 0x00000007c0000000)
  eden space 10240K, 0% used [0x00000007aab00000,0x00000007aab00000,0x00000007ab500000)
  from space 512K, 6% used [0x00000007ac700000,0x00000007ac708000,0x00000007ac780000)
  to   space 512K, 0% used [0x00000007ac780000,0x00000007ac780000,0x00000007ac800000)
 ParOldGen       total 64000K, used 2314K [0x0000000780000000, 0x0000000783e80000, 0x00000007aab00000)
  object space 64000K, 3% used [0x0000000780000000,0x0000000780242a78,0x0000000783e80000)
 Metaspace       used 8512K, capacity 8605K, committed 8704K, reserved 1056768K
  class space    used 909K, capacity 951K, committed 1024K, reserved 1048576K
}
Event: 6.247 GC heap before
{Heap before GC invocations=50 (full 0):
 PSYoungGen      total 10752K, used 10272K [0x00000007aab00000, 0x00000007ac800000, 0x00000007c0000000)
  eden space 10240K, 100% used [0x00000007aab00000,0x00000007ab500000,0x00000007ab500000)
  from space 512K, 6% used [0x00000007ac700000,0x00000007ac708000,0x00000007ac780000)
  to   space 512K, 0% used [0x00000007ac780000,0x00000007ac780000,0x00000007ac800000)
 ParOldGen       total 64000K, used 2314K [0x0000000780000000, 0x0000000783e80000, 0x00000007aab00000)
  object space 64000K, 3% used [0x0000000780000000,0x0000000780242a78,0x0000000783e80000)
 Metaspace       used 8512K, capacity 8605K, committed 8704K, reserved 1056768K
  class space    used 909K, capacity 951K, committed 1024K, reserved 1048576K
Event: 6.248 GC heap after
Heap after GC invocations=50 (full 0):
 PSYoungGen      total 10752K, used 32K [0x00000007aab00000, 0x00000007ac800000, 0x00000007c0000000)
  eden space 10240K, 0% used [0x00000007aab00000,0x00000007aab00000,0x00000007ab500000)
  from space 512K, 6% used [0x00000007ac780000,0x00000007ac788000,0x00000007ac800000)
  to   space 512K, 0% used [0x00000007ac700000,0x00000007ac700000,0x00000007ac780000)
 ParOldGen       total 64000K, used 2314K [0x0000000780000000, 0x0000000783e80000, 0x00000007aab00000)
  object space 64000K, 3% used [0x0000000780000000,0x0000000780242a78,0x0000000783e80000)
 Metaspace       used 8512K, capacity 8605K, committed 8704K, reserved 1056768K
  class space    used 909K, capacity 951K, committed 1024K, reserved 1048576K
}
Event: 6.342 GC heap before
{Heap before GC invocations=51 (full 0):
 PSYoungGen      total 10752K, used 10272K [0x00000007aab00000, 0x00000007ac800000, 0x00000007c0000000)
  eden space 10240K, 100% used [0x00000007aab00000,0x00000007ab500000,0x00000007ab500000)
  from space 512K, 6% used [0x00000007ac780000,0x00000007ac788000,0x00000007ac800000)
  to   space 512K, 0% used [0x00000007ac700000,0x00000007ac700000,0x00000007ac780000)
 ParOldGen       total 64000K, used 2314K [0x0000000780000000, 0x0000000783e80000, 0x00000007aab00000)
  object space 64000K, 3% used [0x0000000780000000,0x0000000780242a78,0x0000000783e80000)
 Metaspace       used 8512K, capacity 8605K, committed 8704K, reserved 1056768K
  class space    used 909K, capacity 951K, committed 1024K, reserved 1048576K
Event: 6.342 GC heap after
Heap after GC invocations=51 (full 0):
 PSYoungGen      total 10752K, used 32K [0x00000007aab00000, 0x00000007ac800000, 0x00000007c0000000)
  eden space 10240K, 0% used [0x00000007aab00000,0x00000007aab00000,0x00000007ab500000)
  from space 512K, 6% used [0x00000007ac700000,0x00000007ac708000,0x00000007ac780000)
  to   space 512K, 0% used [0x00000007ac780000,0x00000007ac780000,0x00000007ac800000)
 ParOldGen       total 64000K, used 2314K [0x0000000780000000, 0x0000000783e80000, 0x00000007aab00000)
  object space 64000K, 3% used [0x0000000780000000,0x0000000780242a78,0x0000000783e80000)
 Metaspace       used 8512K, capacity 8605K, committed 8704K, reserved 1056768K
  class space    used 909K, capacity 951K, committed 1024K, reserved 1048576K
}

