# JRE version: Java(TM) SE Runtime Environment (8.0_11-b12) (build 1.8.0_11-b12)
# Java VM: Java HotSpot(TM) 64-Bit Server VM (25.11-b03 mixed mode bsd-amd64 compressed oops)
Heap:
 PSYoungGen      total 12288K, used 3465K [0x00000007aab00000, 0x00000007abb00000, 0x00000007c0000000)
  eden space 11264K, 30% used [0x00000007aab00000,0x00000007aae52738,0x00000007ab600000)
  from space 1024K, 6% used [0x00000007ab900000,0x00000007ab910000,0x00000007aba00000)
  to   space 1024K, 0% used [0x00000007aba00000,0x00000007aba00000,0x00000007abb00000)
 ParOldGen       total 64000K, used 2275K [0x0000000780000000, 0x0000000783e80000, 0x00000007aab00000)
  object space 64000K, 3% used [0x0000000780000000,0x0000000780238c28,0x0000000783e80000)
 Metaspace       used 8485K, capacity 8605K, committed 8704K, reserved 1056768K
  class space    used 909K, capacity 951K, committed 1024K, reserved 1048576K
GC Heap History (10 events):
Event: 3.881 GC heap before
{Heap before GC invocations=27 (full 0):
 PSYoungGen      total 14336K, used 13856K [0x00000007aab00000, 0x00000007abc00000, 0x00000007c0000000)
  eden space 13824K, 100% used [0x00000007aab00000,0x00000007ab880000,0x00000007ab880000)
  from space 512K, 6% used [0x00000007abb80000,0x00000007abb88000,0x00000007abc00000)
  to   space 1024K, 0% used [0x00000007aba00000,0x00000007aba00000,0x00000007abb00000)
 ParOldGen       total 64000K, used 2259K [0x0000000780000000, 0x0000000783e80000, 0x00000007aab00000)
  object space 64000K, 3% used [0x0000000780000000,0x0000000780234c28,0x0000000783e80000)
 Metaspace       used 8478K, capacity 8605K, committed 8704K, reserved 1056768K
  class space    used 909K, capacity 951K, committed 1024K, reserved 1048576K
Event: 3.881 GC heap after
Heap after GC invocations=27 (full 0):
 PSYoungGen      total 14336K, used 32K [0x00000007aab00000, 0x00000007abc00000, 0x00000007c0000000)
  eden space 13312K, 0% used [0x00000007aab00000,0x00000007aab00000,0x00000007ab800000)
  from space 1024K, 3% used [0x00000007aba00000,0x00000007aba08000,0x00000007abb00000)
  to   space 1024K, 0% used [0x00000007abb00000,0x00000007abb00000,0x00000007abc00000)
 ParOldGen       total 64000K, used 2275K [0x0000000780000000, 0x0000000783e80000, 0x00000007aab00000)
  object space 64000K, 3% used [0x0000000780000000,0x0000000780238c28,0x0000000783e80000)
 Metaspace       used 8478K, capacity 8605K, committed 8704K, reserved 1056768K
  class space    used 909K, capacity 951K, committed 1024K, reserved 1048576K
}
Event: 4.006 GC heap before
{Heap before GC invocations=28 (full 0):
 PSYoungGen      total 14336K, used 13344K [0x00000007aab00000, 0x00000007abc00000, 0x00000007c0000000)
  eden space 13312K, 100% used [0x00000007aab00000,0x00000007ab800000,0x00000007ab800000)
  from space 1024K, 3% used [0x00000007aba00000,0x00000007aba08000,0x00000007abb00000)
  to   space 1024K, 0% used [0x00000007abb00000,0x00000007abb00000,0x00000007abc00000)
 ParOldGen       total 64000K, used 2275K [0x0000000780000000, 0x0000000783e80000, 0x00000007aab00000)
  object space 64000K, 3% used [0x0000000780000000,0x0000000780238c28,0x0000000783e80000)
 Metaspace       used 8478K, capacity 8605K, committed 8704K, reserved 1056768K
  class space    used 909K, capacity 951K, committed 1024K, reserved 1048576K
Event: 4.006 GC heap after
Heap after GC invocations=28 (full 0):
 PSYoungGen      total 13312K, used 32K [0x00000007aab00000, 0x00000007abb80000, 0x00000007c0000000)
  eden space 12800K, 0% used [0x00000007aab00000,0x00000007aab00000,0x00000007ab780000)
  from space 512K, 6% used [0x00000007abb00000,0x00000007abb08000,0x00000007abb80000)
  to   space 1024K, 0% used [0x00000007ab980000,0x00000007ab980000,0x00000007aba80000)
 ParOldGen       total 64000K, used 2275K [0x0000000780000000, 0x0000000783e80000, 0x00000007aab00000)
  object space 64000K, 3% used [0x0000000780000000,0x0000000780238c28,0x0000000783e80000)
 Metaspace       used 8478K, capacity 8605K, committed 8704K, reserved 1056768K
  class space    used 909K, capacity 951K, committed 1024K, reserved 1048576K
}
Event: 4.130 GC heap before
{Heap before GC invocations=29 (full 0):
 PSYoungGen      total 13312K, used 12832K [0x00000007aab00000, 0x00000007abb80000, 0x00000007c0000000)
  eden space 12800K, 100% used [0x00000007aab00000,0x00000007ab780000,0x00000007ab780000)
  from space 512K, 6% used [0x00000007abb00000,0x00000007abb08000,0x00000007abb80000)
  to   space 1024K, 0% used [0x00000007ab980000,0x00000007ab980000,0x00000007aba80000)
 ParOldGen       total 64000K, used 2275K [0x0000000780000000, 0x0000000783e80000, 0x00000007aab00000)
  object space 64000K, 3% used [0x0000000780000000,0x0000000780238c28,0x0000000783e80000)
 Metaspace       used 8478K, capacity 8605K, committed 8704K, reserved 1056768K
  class space    used 909K, capacity 951K, committed 1024K, reserved 1048576K
Event: 4.131 GC heap after
Heap after GC invocations=29 (full 0):
 PSYoungGen      total 13312K, used 32K [0x00000007aab00000, 0x00000007abb80000, 0x00000007c0000000)
  eden space 12288K, 0% used [0x00000007aab00000,0x00000007aab00000,0x00000007ab700000)
  from space 1024K, 3% used [0x00000007ab980000,0x00000007ab988000,0x00000007aba80000)
  to   space 1024K, 0% used [0x00000007aba80000,0x00000007aba80000,0x00000007abb80000)
 ParOldGen       total 64000K, used 2275K [0x0000000780000000, 0x0000000783e80000, 0x00000007aab00000)
  object space 64000K, 3% used [0x0000000780000000,0x0000000780238c28,0x0000000783e80000)
 Metaspace       used 8478K, capacity 8605K, committed 8704K, reserved 1056768K
  class space    used 909K, capacity 951K, committed 1024K, reserved 1048576K
}
Event: 4.263 GC heap before
{Heap before GC invocations=30 (full 0):
 PSYoungGen      total 13312K, used 12320K [0x00000007aab00000, 0x00000007abb80000, 0x00000007c0000000)
  eden space 12288K, 100% used [0x00000007aab00000,0x00000007ab700000,0x00000007ab700000)
  from space 1024K, 3% used [0x00000007ab980000,0x00000007ab988000,0x00000007aba80000)
  to   space 1024K, 0% used [0x00000007aba80000,0x00000007aba80000,0x00000007abb80000)
 ParOldGen       total 64000K, used 2275K [0x0000000780000000, 0x0000000783e80000, 0x00000007aab00000)
  object space 64000K, 3% used [0x0000000780000000,0x0000000780238c28,0x0000000783e80000)
 Metaspace       used 8478K, capacity 8605K, committed 8704K, reserved 1056768K
  class space    used 909K, capacity 951K, committed 1024K, reserved 1048576K
Event: 4.264 GC heap after
Heap after GC invocations=30 (full 0):
 PSYoungGen      total 12288K, used 32K [0x00000007aab00000, 0x00000007abb00000, 0x00000007c0000000)
  eden space 11776K, 0% used [0x00000007aab00000,0x00000007aab00000,0x00000007ab680000)
  from space 512K, 6% used [0x00000007aba80000,0x00000007aba88000,0x00000007abb00000)
  to   space 1024K, 0% used [0x00000007ab900000,0x00000007ab900000,0x00000007aba00000)
 ParOldGen       total 64000K, used 2275K [0x0000000780000000, 0x0000000783e80000, 0x00000007aab00000)
  object space 64000K, 3% used [0x0000000780000000,0x0000000780238c28,0x0000000783e80000)
 Metaspace       used 8478K, capacity 8605K, committed 8704K, reserved 1056768K
  class space    used 909K, capacity 951K, committed 1024K, reserved 1048576K
}
Event: 4.379 GC heap before
{Heap before GC invocations=31 (full 0):
 PSYoungGen      total 12288K, used 11808K [0x00000007aab00000, 0x00000007abb00000, 0x00000007c0000000)
  eden space 11776K, 100% used [0x00000007aab00000,0x00000007ab680000,0x00000007ab680000)
  from space 512K, 6% used [0x00000007aba80000,0x00000007aba88000,0x00000007abb00000)
  to   space 1024K, 0% used [0x00000007ab900000,0x00000007ab900000,0x00000007aba00000)
 ParOldGen       total 64000K, used 2275K [0x0000000780000000, 0x0000000783e80000, 0x00000007aab00000)
  object space 64000K, 3% used [0x0000000780000000,0x0000000780238c28,0x0000000783e80000)
 Metaspace       used 8479K, capacity 8605K, committed 8704K, reserved 1056768K
  class space    used 909K, capacity 951K, committed 1024K, reserved 1048576K
Event: 4.380 GC heap after
Heap after GC invocations=31 (full 0):
 PSYoungGen      total 12288K, used 64K [0x00000007aab00000, 0x00000007abb00000, 0x00000007c0000000)
  eden space 11264K, 0% used [0x00000007aab00000,0x00000007aab00000,0x00000007ab600000)
  from space 1024K, 6% used [0x00000007ab900000,0x00000007ab910000,0x00000007aba00000)
  to   space 1024K, 0% used [0x00000007aba00000,0x00000007aba00000,0x00000007abb00000)
 ParOldGen       total 64000K, used 2275K [0x0000000780000000, 0x0000000783e80000, 0x00000007aab00000)
  object space 64000K, 3% used [0x0000000780000000,0x0000000780238c28,0x0000000783e80000)
 Metaspace       used 8479K, capacity 8605K, committed 8704K, reserved 1056768K
  class space    used 909K, capacity 951K, committed 1024K, reserved 1048576K
}

