# JRE version: Java(TM) SE Runtime Environment (8.0_11-b12) (build 1.8.0_11-b12)
# Java VM: Java HotSpot(TM) 64-Bit Server VM (25.11-b03 mixed mode bsd-amd64 compressed oops)
Heap:
 PSYoungGen      total 10752K, used 3553K [0x00000007aab00000, 0x00000007aba00000, 0x00000007c0000000)
  eden space 10240K, 34% used [0x00000007aab00000,0x00000007aae68780,0x00000007ab500000)
  from space 512K, 12% used [0x00000007ab980000,0x00000007ab990000,0x00000007aba00000)
  to   space 512K, 0% used [0x00000007ab900000,0x00000007ab900000,0x00000007ab980000)
 ParOldGen       total 64000K, used 2902K [0x0000000780000000, 0x0000000783e80000, 0x00000007aab00000)
  object space 64000K, 4% used [0x0000000780000000,0x00000007802d5a28,0x0000000783e80000)
 Metaspace       used 8509K, capacity 8669K, committed 8960K, reserved 1056768K
  class space    used 912K, capacity 951K, committed 1024K, reserved 1048576K
GC Heap History (10 events):
Event: 21.574 GC heap before
{Heap before GC invocations=152 (full 0):
 PSYoungGen      total 10752K, used 10304K [0x00000007aab00000, 0x00000007aba00000, 0x00000007c0000000)
  eden space 10240K, 100% used [0x00000007aab00000,0x00000007ab500000,0x00000007ab500000)
  from space 512K, 12% used [0x00000007ab900000,0x00000007ab910000,0x00000007ab980000)
  to   space 512K, 0% used [0x00000007ab980000,0x00000007ab980000,0x00000007aba00000)
 ParOldGen       total 64000K, used 2902K [0x0000000780000000, 0x0000000783e80000, 0x00000007aab00000)
  object space 64000K, 4% used [0x0000000780000000,0x00000007802d5a28,0x0000000783e80000)
 Metaspace       used 8503K, capacity 8605K, committed 8704K, reserved 1056768K
  class space    used 911K, capacity 951K, committed 1024K, reserved 1048576K
Event: 21.575 GC heap after
Heap after GC invocations=152 (full 0):
 PSYoungGen      total 10752K, used 32K [0x00000007aab00000, 0x00000007aba00000, 0x00000007c0000000)
  eden space 10240K, 0% used [0x00000007aab00000,0x00000007aab00000,0x00000007ab500000)
  from space 512K, 6% used [0x00000007ab980000,0x00000007ab988000,0x00000007aba00000)
  to   space 512K, 0% used [0x00000007ab900000,0x00000007ab900000,0x00000007ab980000)
 ParOldGen       total 64000K, used 2902K [0x0000000780000000, 0x0000000783e80000, 0x00000007aab00000)
  object space 64000K, 4% used [0x0000000780000000,0x00000007802d5a28,0x0000000783e80000)
 Metaspace       used 8503K, capacity 8605K, committed 8704K, reserved 1056768K
  class space    used 911K, capacity 951K, committed 1024K, reserved 1048576K
}
Event: 21.709 GC heap before
{Heap before GC invocations=153 (full 0):
 PSYoungGen      total 10752K, used 10272K [0x00000007aab00000, 0x00000007aba00000, 0x00000007c0000000)
  eden space 10240K, 100% used [0x00000007aab00000,0x00000007ab500000,0x00000007ab500000)
  from space 512K, 6% used [0x00000007ab980000,0x00000007ab988000,0x00000007aba00000)
  to   space 512K, 0% used [0x00000007ab900000,0x00000007ab900000,0x00000007ab980000)
 ParOldGen       total 64000K, used 2902K [0x0000000780000000, 0x0000000783e80000, 0x00000007aab00000)
  object space 64000K, 4% used [0x0000000780000000,0x00000007802d5a28,0x0000000783e80000)
 Metaspace       used 8503K, capacity 8605K, committed 8704K, reserved 1056768K
  class space    used 911K, capacity 951K, committed 1024K, reserved 1048576K
Event: 21.709 GC heap after
Heap after GC invocations=153 (full 0):
 PSYoungGen      total 10752K, used 64K [0x00000007aab00000, 0x00000007aba00000, 0x00000007c0000000)
  eden space 10240K, 0% used [0x00000007aab00000,0x00000007aab00000,0x00000007ab500000)
  from space 512K, 12% used [0x00000007ab900000,0x00000007ab910000,0x00000007ab980000)
  to   space 512K, 0% used [0x00000007ab980000,0x00000007ab980000,0x00000007aba00000)
 ParOldGen       total 64000K, used 2902K [0x0000000780000000, 0x0000000783e80000, 0x00000007aab00000)
  object space 64000K, 4% used [0x0000000780000000,0x00000007802d5a28,0x0000000783e80000)
 Metaspace       used 8503K, capacity 8605K, committed 8704K, reserved 1056768K
  class space    used 911K, capacity 951K, committed 1024K, reserved 1048576K
}
Event: 21.841 GC heap before
{Heap before GC invocations=154 (full 0):
 PSYoungGen      total 10752K, used 10304K [0x00000007aab00000, 0x00000007aba00000, 0x00000007c0000000)
  eden space 10240K, 100% used [0x00000007aab00000,0x00000007ab500000,0x00000007ab500000)
  from space 512K, 12% used [0x00000007ab900000,0x00000007ab910000,0x00000007ab980000)
  to   space 512K, 0% used [0x00000007ab980000,0x00000007ab980000,0x00000007aba00000)
 ParOldGen       total 64000K, used 2902K [0x0000000780000000, 0x0000000783e80000, 0x00000007aab00000)
  object space 64000K, 4% used [0x0000000780000000,0x00000007802d5a28,0x0000000783e80000)
 Metaspace       used 8503K, capacity 8605K, committed 8704K, reserved 1056768K
  class space    used 911K, capacity 951K, committed 1024K, reserved 1048576K
Event: 21.842 GC heap after
Heap after GC invocations=154 (full 0):
 PSYoungGen      total 10752K, used 64K [0x00000007aab00000, 0x00000007aba00000, 0x00000007c0000000)
  eden space 10240K, 0% used [0x00000007aab00000,0x00000007aab00000,0x00000007ab500000)
  from space 512K, 12% used [0x00000007ab980000,0x00000007ab990000,0x00000007aba00000)
  to   space 512K, 0% used [0x00000007ab900000,0x00000007ab900000,0x00000007ab980000)
 ParOldGen       total 64000K, used 2902K [0x0000000780000000, 0x0000000783e80000, 0x00000007aab00000)
  object space 64000K, 4% used [0x0000000780000000,0x00000007802d5a28,0x0000000783e80000)
 Metaspace       used 8503K, capacity 8605K, committed 8704K, reserved 1056768K
  class space    used 911K, capacity 951K, committed 1024K, reserved 1048576K
}
Event: 21.974 GC heap before
{Heap before GC invocations=155 (full 0):
 PSYoungGen      total 10752K, used 10304K [0x00000007aab00000, 0x00000007aba00000, 0x00000007c0000000)
  eden space 10240K, 100% used [0x00000007aab00000,0x00000007ab500000,0x00000007ab500000)
  from space 512K, 12% used [0x00000007ab980000,0x00000007ab990000,0x00000007aba00000)
  to   space 512K, 0% used [0x00000007ab900000,0x00000007ab900000,0x00000007ab980000)
 ParOldGen       total 64000K, used 2902K [0x0000000780000000, 0x0000000783e80000, 0x00000007aab00000)
  object space 64000K, 4% used [0x0000000780000000,0x00000007802d5a28,0x0000000783e80000)
 Metaspace       used 8503K, capacity 8605K, committed 8704K, reserved 1056768K
  class space    used 911K, capacity 951K, committed 1024K, reserved 1048576K
Event: 21.975 GC heap after
Heap after GC invocations=155 (full 0):
 PSYoungGen      total 10752K, used 64K [0x00000007aab00000, 0x00000007aba00000, 0x00000007c0000000)
  eden space 10240K, 0% used [0x00000007aab00000,0x00000007aab00000,0x00000007ab500000)
  from space 512K, 12% used [0x00000007ab900000,0x00000007ab910000,0x00000007ab980000)
  to   space 512K, 0% used [0x00000007ab980000,0x00000007ab980000,0x00000007aba00000)
 ParOldGen       total 64000K, used 2902K [0x0000000780000000, 0x0000000783e80000, 0x00000007aab00000)
  object space 64000K, 4% used [0x0000000780000000,0x00000007802d5a28,0x0000000783e80000)
 Metaspace       used 8503K, capacity 8605K, committed 8704K, reserved 1056768K
  class space    used 911K, capacity 951K, committed 1024K, reserved 1048576K
}
Event: 22.108 GC heap before
{Heap before GC invocations=156 (full 0):
 PSYoungGen      total 10752K, used 10304K [0x00000007aab00000, 0x00000007aba00000, 0x00000007c0000000)
  eden space 10240K, 100% used [0x00000007aab00000,0x00000007ab500000,0x00000007ab500000)
  from space 512K, 12% used [0x00000007ab900000,0x00000007ab910000,0x00000007ab980000)
  to   space 512K, 0% used [0x00000007ab980000,0x00000007ab980000,0x00000007aba00000)
 ParOldGen       total 64000K, used 2902K [0x0000000780000000, 0x0000000783e80000, 0x00000007aab00000)
  object space 64000K, 4% used [0x0000000780000000,0x00000007802d5a28,0x0000000783e80000)
 Metaspace       used 8503K, capacity 8605K, committed 8704K, reserved 1056768K
  class space    used 911K, capacity 951K, committed 1024K, reserved 1048576K
Event: 22.109 GC heap after
Heap after GC invocations=156 (full 0):
 PSYoungGen      total 10752K, used 64K [0x00000007aab00000, 0x00000007aba00000, 0x00000007c0000000)
  eden space 10240K, 0% used [0x00000007aab00000,0x00000007aab00000,0x00000007ab500000)
  from space 512K, 12% used [0x00000007ab980000,0x00000007ab990000,0x00000007aba00000)
  to   space 512K, 0% used [0x00000007ab900000,0x00000007ab900000,0x00000007ab980000)
 ParOldGen       total 64000K, used 2902K [0x0000000780000000, 0x0000000783e80000, 0x00000007aab00000)
  object space 64000K, 4% used [0x0000000780000000,0x00000007802d5a28,0x0000000783e80000)
 Metaspace       used 8503K, capacity 8605K, committed 8704K, reserved 1056768K
  class space    used 911K, capacity 951K, committed 1024K, reserved 1048576K
}

