# JRE version: Java(TM) SE Runtime Environment (8.0_11-b12) (build 1.8.0_11-b12)
# Java VM: Java HotSpot(TM) 64-Bit Server VM (25.11-b03 mixed mode bsd-amd64 compressed oops)
Heap:
 PSYoungGen      total 10752K, used 4195K [0x00000007aab00000, 0x00000007ab900000, 0x00000007c0000000)
  eden space 8192K, 50% used [0x00000007aab00000,0x00000007aaf00f00,0x00000007ab300000)
  from space 2560K, 3% used [0x00000007ab400000,0x00000007ab418000,0x00000007ab680000)
  to   space 2048K, 0% used [0x00000007ab700000,0x00000007ab700000,0x00000007ab900000)
 ParOldGen       total 64000K, used 3279K [0x0000000780000000, 0x0000000783e80000, 0x00000007aab00000)
  object space 64000K, 5% used [0x0000000780000000,0x0000000780333e10,0x0000000783e80000)
 Metaspace       used 12394K, capacity 12521K, committed 12544K, reserved 1060864K
  class space    used 1474K, capacity 1530K, committed 1536K, reserved 1048576K
GC Heap History (10 events):
Event: 3.228 GC heap before
{Heap before GC invocations=9 (full 0):
 PSYoungGen      total 10240K, used 9760K [0x00000007aab00000, 0x00000007ab700000, 0x00000007c0000000)
  eden space 8192K, 100% used [0x00000007aab00000,0x00000007ab300000,0x00000007ab300000)
  from space 2048K, 76% used [0x00000007ab500000,0x00000007ab688010,0x00000007ab700000)
  to   space 2048K, 0% used [0x00000007ab300000,0x00000007ab300000,0x00000007ab500000)
 ParOldGen       total 64000K, used 1742K [0x0000000780000000, 0x0000000783e80000, 0x00000007aab00000)
  object space 64000K, 2% used [0x0000000780000000,0x00000007801b3b58,0x0000000783e80000)
 Metaspace       used 12366K, capacity 12521K, committed 12544K, reserved 1060864K
  class space    used 1473K, capacity 1530K, committed 1536K, reserved 1048576K
Event: 3.234 GC heap after
Heap after GC invocations=9 (full 0):
 PSYoungGen      total 10240K, used 1024K [0x00000007aab00000, 0x00000007abc00000, 0x00000007c0000000)
  eden space 8192K, 0% used [0x00000007aab00000,0x00000007aab00000,0x00000007ab300000)
  from space 2048K, 50% used [0x00000007ab300000,0x00000007ab400010,0x00000007ab500000)
  to   space 2048K, 0% used [0x00000007aba00000,0x00000007aba00000,0x00000007abc00000)
 ParOldGen       total 64000K, used 2274K [0x0000000780000000, 0x0000000783e80000, 0x00000007aab00000)
  object space 64000K, 3% used [0x0000000780000000,0x0000000780238b50,0x0000000783e80000)
 Metaspace       used 12366K, capacity 12521K, committed 12544K, reserved 1060864K
  class space    used 1473K, capacity 1530K, committed 1536K, reserved 1048576K
}
Event: 3.755 GC heap before
{Heap before GC invocations=10 (full 0):
 PSYoungGen      total 10240K, used 9216K [0x00000007aab00000, 0x00000007abc00000, 0x00000007c0000000)
  eden space 8192K, 100% used [0x00000007aab00000,0x00000007ab300000,0x00000007ab300000)
  from space 2048K, 50% used [0x00000007ab300000,0x00000007ab400010,0x00000007ab500000)
  to   space 2048K, 0% used [0x00000007aba00000,0x00000007aba00000,0x00000007abc00000)
 ParOldGen       total 64000K, used 2274K [0x0000000780000000, 0x0000000783e80000, 0x00000007aab00000)
  object space 64000K, 3% used [0x0000000780000000,0x0000000780238b50,0x0000000783e80000)
 Metaspace       used 12368K, capacity 12521K, committed 12544K, reserved 1060864K
  class space    used 1473K, capacity 1530K, committed 1536K, reserved 1048576K
Event: 3.757 GC heap after
Heap after GC invocations=10 (full 0):
 PSYoungGen      total 8704K, used 96K [0x00000007aab00000, 0x00000007aba80000, 0x00000007c0000000)
  eden space 8192K, 0% used [0x00000007aab00000,0x00000007aab00000,0x00000007ab300000)
  from space 512K, 18% used [0x00000007aba00000,0x00000007aba18000,0x00000007aba80000)
  to   space 2048K, 0% used [0x00000007ab680000,0x00000007ab680000,0x00000007ab880000)
 ParOldGen       total 64000K, used 3263K [0x0000000780000000, 0x0000000783e80000, 0x00000007aab00000)
  object space 64000K, 5% used [0x0000000780000000,0x000000078032fe10,0x0000000783e80000)
 Metaspace       used 12368K, capacity 12521K, committed 12544K, reserved 1060864K
  class space    used 1473K, capacity 1530K, committed 1536K, reserved 1048576K
}
Event: 4.229 GC heap before
{Heap before GC invocations=11 (full 0):
 PSYoungGen      total 8704K, used 8288K [0x00000007aab00000, 0x00000007aba80000, 0x00000007c0000000)
  eden space 8192K, 100% used [0x00000007aab00000,0x00000007ab300000,0x00000007ab300000)
  from space 512K, 18% used [0x00000007aba00000,0x00000007aba18000,0x00000007aba80000)
  to   space 2048K, 0% used [0x00000007ab680000,0x00000007ab680000,0x00000007ab880000)
 ParOldGen       total 64000K, used 3263K [0x0000000780000000, 0x0000000783e80000, 0x00000007aab00000)
  object space 64000K, 5% used [0x0000000780000000,0x000000078032fe10,0x0000000783e80000)
 Metaspace       used 12372K, capacity 12521K, committed 12544K, reserved 1060864K
  class space    used 1473K, capacity 1530K, committed 1536K, reserved 1048576K
Event: 4.229 GC heap after
Heap after GC invocations=11 (full 0):
 PSYoungGen      total 10240K, used 32K [0x00000007aab00000, 0x00000007aba80000, 0x00000007c0000000)
  eden space 8192K, 0% used [0x00000007aab00000,0x00000007aab00000,0x00000007ab300000)
  from space 2048K, 1% used [0x00000007ab680000,0x00000007ab688000,0x00000007ab880000)
  to   space 2048K, 0% used [0x00000007ab880000,0x00000007ab880000,0x00000007aba80000)
 ParOldGen       total 64000K, used 3279K [0x0000000780000000, 0x0000000783e80000, 0x00000007aab00000)
  object space 64000K, 5% used [0x0000000780000000,0x0000000780333e10,0x0000000783e80000)
 Metaspace       used 12372K, capacity 12521K, committed 12544K, reserved 1060864K
  class space    used 1473K, capacity 1530K, committed 1536K, reserved 1048576K
}
Event: 4.722 GC heap before
{Heap before GC invocations=12 (full 0):
 PSYoungGen      total 10240K, used 8224K [0x00000007aab00000, 0x00000007aba80000, 0x00000007c0000000)
  eden space 8192K, 100% used [0x00000007aab00000,0x00000007ab300000,0x00000007ab300000)
  from space 2048K, 1% used [0x00000007ab680000,0x00000007ab688000,0x00000007ab880000)
  to   space 2048K, 0% used [0x00000007ab880000,0x00000007ab880000,0x00000007aba80000)
 ParOldGen       total 64000K, used 3279K [0x0000000780000000, 0x0000000783e80000, 0x00000007aab00000)
  object space 64000K, 5% used [0x0000000780000000,0x0000000780333e10,0x0000000783e80000)
 Metaspace       used 12379K, capacity 12521K, committed 12544K, reserved 1060864K
  class space    used 1473K, capacity 1530K, committed 1536K, reserved 1048576K
Event: 4.723 GC heap after
Heap after GC invocations=12 (full 0):
 PSYoungGen      total 8704K, used 64K [0x00000007aab00000, 0x00000007ab900000, 0x00000007c0000000)
  eden space 8192K, 0% used [0x00000007aab00000,0x00000007aab00000,0x00000007ab300000)
  from space 512K, 12% used [0x00000007ab880000,0x00000007ab890000,0x00000007ab900000)
  to   space 2560K, 0% used [0x00000007ab400000,0x00000007ab400000,0x00000007ab680000)
 ParOldGen       total 64000K, used 3279K [0x0000000780000000, 0x0000000783e80000, 0x00000007aab00000)
  object space 64000K, 5% used [0x0000000780000000,0x0000000780333e10,0x0000000783e80000)
 Metaspace       used 12379K, capacity 12521K, committed 12544K, reserved 1060864K
  class space    used 1473K, capacity 1530K, committed 1536K, reserved 1048576K
}
Event: 5.208 GC heap before
{Heap before GC invocations=13 (full 0):
 PSYoungGen      total 8704K, used 8256K [0x00000007aab00000, 0x00000007ab900000, 0x00000007c0000000)
  eden space 8192K, 100% used [0x00000007aab00000,0x00000007ab300000,0x00000007ab300000)
  from space 512K, 12% used [0x00000007ab880000,0x00000007ab890000,0x00000007ab900000)
  to   space 2560K, 0% used [0x00000007ab400000,0x00000007ab400000,0x00000007ab680000)
 ParOldGen       total 64000K, used 3279K [0x0000000780000000, 0x0000000783e80000, 0x00000007aab00000)
  object space 64000K, 5% used [0x0000000780000000,0x0000000780333e10,0x0000000783e80000)
 Metaspace       used 12385K, capacity 12521K, committed 12544K, reserved 1060864K
  class space    used 1473K, capacity 1530K, committed 1536K, reserved 1048576K
Event: 5.209 GC heap after
Heap after GC invocations=13 (full 0):
 PSYoungGen      total 10752K, used 96K [0x00000007aab00000, 0x00000007ab900000, 0x00000007c0000000)
  eden space 8192K, 0% used [0x00000007aab00000,0x00000007aab00000,0x00000007ab300000)
  from space 2560K, 3% used [0x00000007ab400000,0x00000007ab418000,0x00000007ab680000)
  to   space 2048K, 0% used [0x00000007ab700000,0x00000007ab700000,0x00000007ab900000)
 ParOldGen       total 64000K, used 3279K [0x0000000780000000, 0x0000000783e80000, 0x00000007aab00000)
  object space 64000K, 5% used [0x0000000780000000,0x0000000780333e10,0x0000000783e80000)
 Metaspace       used 12385K, capacity 12521K, committed 12544K, reserved 1060864K
  class space    used 1473K, capacity 1530K, committed 1536K, reserved 1048576K
}

