# JRE version: Java(TM) SE Runtime Environment (8.0_11-b12) (build 1.8.0_11-b12)
# Java VM: Java HotSpot(TM) 64-Bit Server VM (25.11-b03 mixed mode bsd-amd64 compressed oops)
Heap:
 PSYoungGen      total 10752K, used 9466K [0x00000007aab00000, 0x00000007abc80000, 0x00000007c0000000)
  eden space 10240K, 92% used [0x00000007aab00000,0x00000007ab436a28,0x00000007ab500000)
  from space 512K, 6% used [0x00000007abc00000,0x00000007abc08000,0x00000007abc80000)
  to   space 1024K, 0% used [0x00000007aba80000,0x00000007aba80000,0x00000007abb80000)
 ParOldGen       total 64000K, used 2137K [0x0000000780000000, 0x0000000783e80000, 0x00000007aab00000)
  object space 64000K, 3% used [0x0000000780000000,0x00000007802166e0,0x0000000783e80000)
 Metaspace       used 8457K, capacity 8605K, committed 8704K, reserved 1056768K
  class space    used 911K, capacity 951K, committed 1024K, reserved 1048576K
GC Heap History (10 events):
Event: 2.730 GC heap before
{Heap before GC invocations=20 (full 0):
 PSYoungGen      total 11776K, used 10272K [0x00000007aab00000, 0x00000007abf00000, 0x00000007c0000000)
  eden space 10240K, 100% used [0x00000007aab00000,0x00000007ab500000,0x00000007ab500000)
  from space 1536K, 2% used [0x00000007abc00000,0x00000007abc08000,0x00000007abd80000)
  to   space 1536K, 0% used [0x00000007abd80000,0x00000007abd80000,0x00000007abf00000)
 ParOldGen       total 64000K, used 2121K [0x0000000780000000, 0x0000000783e80000, 0x00000007aab00000)
  object space 64000K, 3% used [0x0000000780000000,0x00000007802126e0,0x0000000783e80000)
 Metaspace       used 8448K, capacity 8605K, committed 8704K, reserved 1056768K
  class space    used 911K, capacity 951K, committed 1024K, reserved 1048576K
Event: 2.731 GC heap after
Heap after GC invocations=20 (full 0):
 PSYoungGen      total 10752K, used 32K [0x00000007aab00000, 0x00000007abe00000, 0x00000007c0000000)
  eden space 10240K, 0% used [0x00000007aab00000,0x00000007aab00000,0x00000007ab500000)
  from space 512K, 6% used [0x00000007abd80000,0x00000007abd88000,0x00000007abe00000)
  to   space 1536K, 0% used [0x00000007abb00000,0x00000007abb00000,0x00000007abc80000)
 ParOldGen       total 64000K, used 2121K [0x0000000780000000, 0x0000000783e80000, 0x00000007aab00000)
  object space 64000K, 3% used [0x0000000780000000,0x00000007802126e0,0x0000000783e80000)
 Metaspace       used 8448K, capacity 8605K, committed 8704K, reserved 1056768K
  class space    used 911K, capacity 951K, committed 1024K, reserved 1048576K
}
Event: 2.862 GC heap before
{Heap before GC invocations=21 (full 0):
 PSYoungGen      total 10752K, used 10272K [0x00000007aab00000, 0x00000007abe00000, 0x00000007c0000000)
  eden space 10240K, 100% used [0x00000007aab00000,0x00000007ab500000,0x00000007ab500000)
  from space 512K, 6% used [0x00000007abd80000,0x00000007abd88000,0x00000007abe00000)
  to   space 1536K, 0% used [0x00000007abb00000,0x00000007abb00000,0x00000007abc80000)
 ParOldGen       total 64000K, used 2121K [0x0000000780000000, 0x0000000783e80000, 0x00000007aab00000)
  object space 64000K, 3% used [0x0000000780000000,0x00000007802126e0,0x0000000783e80000)
 Metaspace       used 8450K, capacity 8605K, committed 8704K, reserved 1056768K
  class space    used 911K, capacity 951K, committed 1024K, reserved 1048576K
Event: 2.863 GC heap after
Heap after GC invocations=21 (full 0):
 PSYoungGen      total 11776K, used 32K [0x00000007aab00000, 0x00000007abe00000, 0x00000007c0000000)
  eden space 10240K, 0% used [0x00000007aab00000,0x00000007aab00000,0x00000007ab500000)
  from space 1536K, 2% used [0x00000007abb00000,0x00000007abb08000,0x00000007abc80000)
  to   space 1536K, 0% used [0x00000007abc80000,0x00000007abc80000,0x00000007abe00000)
 ParOldGen       total 64000K, used 2121K [0x0000000780000000, 0x0000000783e80000, 0x00000007aab00000)
  object space 64000K, 3% used [0x0000000780000000,0x00000007802126e0,0x0000000783e80000)
 Metaspace       used 8450K, capacity 8605K, committed 8704K, reserved 1056768K
  class space    used 911K, capacity 951K, committed 1024K, reserved 1048576K
}
Event: 2.997 GC heap before
{Heap before GC invocations=22 (full 0):
 PSYoungGen      total 11776K, used 10272K [0x00000007aab00000, 0x00000007abe00000, 0x00000007c0000000)
  eden space 10240K, 100% used [0x00000007aab00000,0x00000007ab500000,0x00000007ab500000)
  from space 1536K, 2% used [0x00000007abb00000,0x00000007abb08000,0x00000007abc80000)
  to   space 1536K, 0% used [0x00000007abc80000,0x00000007abc80000,0x00000007abe00000)
 ParOldGen       total 64000K, used 2121K [0x0000000780000000, 0x0000000783e80000, 0x00000007aab00000)
  object space 64000K, 3% used [0x0000000780000000,0x00000007802126e0,0x0000000783e80000)
 Metaspace       used 8451K, capacity 8605K, committed 8704K, reserved 1056768K
  class space    used 911K, capacity 951K, committed 1024K, reserved 1048576K
Event: 2.997 GC heap after
Heap after GC invocations=22 (full 0):
 PSYoungGen      total 10752K, used 96K [0x00000007aab00000, 0x00000007abd00000, 0x00000007c0000000)
  eden space 10240K, 0% used [0x00000007aab00000,0x00000007aab00000,0x00000007ab500000)
  from space 512K, 18% used [0x00000007abc80000,0x00000007abc98000,0x00000007abd00000)
  to   space 1536K, 0% used [0x00000007aba00000,0x00000007aba00000,0x00000007abb80000)
 ParOldGen       total 64000K, used 2121K [0x0000000780000000, 0x0000000783e80000, 0x00000007aab00000)
  object space 64000K, 3% used [0x0000000780000000,0x00000007802126e0,0x0000000783e80000)
 Metaspace       used 8451K, capacity 8605K, committed 8704K, reserved 1056768K
  class space    used 911K, capacity 951K, committed 1024K, reserved 1048576K
}
Event: 3.131 GC heap before
{Heap before GC invocations=23 (full 0):
 PSYoungGen      total 10752K, used 10336K [0x00000007aab00000, 0x00000007abd00000, 0x00000007c0000000)
  eden space 10240K, 100% used [0x00000007aab00000,0x00000007ab500000,0x00000007ab500000)
  from space 512K, 18% used [0x00000007abc80000,0x00000007abc98000,0x00000007abd00000)
  to   space 1536K, 0% used [0x00000007aba00000,0x00000007aba00000,0x00000007abb80000)
 ParOldGen       total 64000K, used 2121K [0x0000000780000000, 0x0000000783e80000, 0x00000007aab00000)
  object space 64000K, 3% used [0x0000000780000000,0x00000007802126e0,0x0000000783e80000)
 Metaspace       used 8451K, capacity 8605K, committed 8704K, reserved 1056768K
  class space    used 911K, capacity 951K, committed 1024K, reserved 1048576K
Event: 3.132 GC heap after
Heap after GC invocations=23 (full 0):
 PSYoungGen      total 11776K, used 32K [0x00000007aab00000, 0x00000007abd00000, 0x00000007c0000000)
  eden space 10240K, 0% used [0x00000007aab00000,0x00000007aab00000,0x00000007ab500000)
  from space 1536K, 2% used [0x00000007aba00000,0x00000007aba08000,0x00000007abb80000)
  to   space 1024K, 0% used [0x00000007abc00000,0x00000007abc00000,0x00000007abd00000)
 ParOldGen       total 64000K, used 2137K [0x0000000780000000, 0x0000000783e80000, 0x00000007aab00000)
  object space 64000K, 3% used [0x0000000780000000,0x00000007802166e0,0x0000000783e80000)
 Metaspace       used 8451K, capacity 8605K, committed 8704K, reserved 1056768K
  class space    used 911K, capacity 951K, committed 1024K, reserved 1048576K
}
Event: 3.262 GC heap before
{Heap before GC invocations=24 (full 0):
 PSYoungGen      total 11776K, used 10272K [0x00000007aab00000, 0x00000007abd00000, 0x00000007c0000000)
  eden space 10240K, 100% used [0x00000007aab00000,0x00000007ab500000,0x00000007ab500000)
  from space 1536K, 2% used [0x00000007aba00000,0x00000007aba08000,0x00000007abb80000)
  to   space 1024K, 0% used [0x00000007abc00000,0x00000007abc00000,0x00000007abd00000)
 ParOldGen       total 64000K, used 2137K [0x0000000780000000, 0x0000000783e80000, 0x00000007aab00000)
  object space 64000K, 3% used [0x0000000780000000,0x00000007802166e0,0x0000000783e80000)
 Metaspace       used 8451K, capacity 8605K, committed 8704K, reserved 1056768K
  class space    used 911K, capacity 951K, committed 1024K, reserved 1048576K
Event: 3.263 GC heap after
Heap after GC invocations=24 (full 0):
 PSYoungGen      total 10752K, used 32K [0x00000007aab00000, 0x00000007abc80000, 0x00000007c0000000)
  eden space 10240K, 0% used [0x00000007aab00000,0x00000007aab00000,0x00000007ab500000)
  from space 512K, 6% used [0x00000007abc00000,0x00000007abc08000,0x00000007abc80000)
  to   space 1024K, 0% used [0x00000007aba80000,0x00000007aba80000,0x00000007abb80000)
 ParOldGen       total 64000K, used 2137K [0x0000000780000000, 0x0000000783e80000, 0x00000007aab00000)
  object space 64000K, 3% used [0x0000000780000000,0x00000007802166e0,0x0000000783e80000)
 Metaspace       used 8451K, capacity 8605K, committed 8704K, reserved 1056768K
  class space    used 911K, capacity 951K, committed 1024K, reserved 1048576K
}

