# JRE version: Java(TM) SE Runtime Environment (8.0_11-b12) (build 1.8.0_11-b12)
# Java VM: Java HotSpot(TM) 64-Bit Server VM (25.11-b03 mixed mode bsd-amd64 compressed oops)
Heap:
 PSYoungGen      total 10240K, used 3945K [0x00000007aab00000, 0x00000007aba80000, 0x00000007c0000000)
  eden space 8192K, 47% used [0x00000007aab00000,0x00000007aaeca4c0,0x00000007ab300000)
  from space 2048K, 3% used [0x00000007ab680000,0x00000007ab690000,0x00000007ab880000)
  to   space 2048K, 0% used [0x00000007ab880000,0x00000007ab880000,0x00000007aba80000)
 ParOldGen       total 64000K, used 2823K [0x0000000780000000, 0x0000000783e80000, 0x00000007aab00000)
  object space 64000K, 4% used [0x0000000780000000,0x00000007802c1d88,0x0000000783e80000)
 Metaspace       used 10988K, capacity 11107K, committed 11392K, reserved 1058816K
  class space    used 1275K, capacity 1337K, committed 1408K, reserved 1048576K
GC Heap History (10 events):
Event: 1.197 GC heap before
{Heap before GC invocations=7 (full 0):
 PSYoungGen      total 5632K, used 5280K [0x00000007aab00000, 0x00000007ab200000, 0x00000007c0000000)
  eden space 4096K, 100% used [0x00000007aab00000,0x00000007aaf00000,0x00000007aaf00000)
  from space 1536K, 77% used [0x00000007ab080000,0x00000007ab1a8000,0x00000007ab200000)
  to   space 1536K, 0% used [0x00000007aaf00000,0x00000007aaf00000,0x00000007ab080000)
 ParOldGen       total 64000K, used 1017K [0x0000000780000000, 0x0000000783e80000, 0x00000007aab00000)
  object space 64000K, 1% used [0x0000000780000000,0x00000007800fe518,0x0000000783e80000)
 Metaspace       used 10756K, capacity 10915K, committed 11008K, reserved 1058816K
  class space    used 1228K, capacity 1273K, committed 1280K, reserved 1048576K
Event: 1.201 GC heap after
Heap after GC invocations=7 (full 0):
 PSYoungGen      total 5632K, used 1536K [0x00000007aab00000, 0x00000007ab700000, 0x00000007c0000000)
  eden space 4096K, 0% used [0x00000007aab00000,0x00000007aab00000,0x00000007aaf00000)
  from space 1536K, 100% used [0x00000007aaf00000,0x00000007ab080000,0x00000007ab080000)
  to   space 2048K, 0% used [0x00000007ab500000,0x00000007ab500000,0x00000007ab700000)
 ParOldGen       total 64000K, used 1246K [0x0000000780000000, 0x0000000783e80000, 0x00000007aab00000)
  object space 64000K, 1% used [0x0000000780000000,0x00000007801378d0,0x0000000783e80000)
 Metaspace       used 10756K, capacity 10915K, committed 11008K, reserved 1058816K
  class space    used 1228K, capacity 1273K, committed 1280K, reserved 1048576K
}
Event: 1.644 GC heap before
{Heap before GC invocations=8 (full 0):
 PSYoungGen      total 5632K, used 5632K [0x00000007aab00000, 0x00000007ab700000, 0x00000007c0000000)
  eden space 4096K, 100% used [0x00000007aab00000,0x00000007aaf00000,0x00000007aaf00000)
  from space 1536K, 100% used [0x00000007aaf00000,0x00000007ab080000,0x00000007ab080000)
  to   space 2048K, 0% used [0x00000007ab500000,0x00000007ab500000,0x00000007ab700000)
 ParOldGen       total 64000K, used 1246K [0x0000000780000000, 0x0000000783e80000, 0x00000007aab00000)
  object space 64000K, 1% used [0x0000000780000000,0x00000007801378d0,0x0000000783e80000)
 Metaspace       used 10764K, capacity 10915K, committed 11008K, reserved 1058816K
  class space    used 1230K, capacity 1273K, committed 1280K, reserved 1048576K
Event: 1.647 GC heap after
Heap after GC invocations=8 (full 0):
 PSYoungGen      total 10240K, used 1376K [0x00000007aab00000, 0x00000007ab700000, 0x00000007c0000000)
  eden space 8192K, 0% used [0x00000007aab00000,0x00000007aab00000,0x00000007ab300000)
  from space 2048K, 67% used [0x00000007ab500000,0x00000007ab658000,0x00000007ab700000)
  to   space 2048K, 0% used [0x00000007ab300000,0x00000007ab300000,0x00000007ab500000)
 ParOldGen       total 64000K, used 1426K [0x0000000780000000, 0x0000000783e80000, 0x00000007aab00000)
  object space 64000K, 2% used [0x0000000780000000,0x00000007801648e0,0x0000000783e80000)
 Metaspace       used 10764K, capacity 10915K, committed 11008K, reserved 1058816K
  class space    used 1230K, capacity 1273K, committed 1280K, reserved 1048576K
}
Event: 2.495 GC heap before
{Heap before GC invocations=9 (full 0):
 PSYoungGen      total 10240K, used 9568K [0x00000007aab00000, 0x00000007ab700000, 0x00000007c0000000)
  eden space 8192K, 100% used [0x00000007aab00000,0x00000007ab300000,0x00000007ab300000)
  from space 2048K, 67% used [0x00000007ab500000,0x00000007ab658000,0x00000007ab700000)
  to   space 2048K, 0% used [0x00000007ab300000,0x00000007ab300000,0x00000007ab500000)
 ParOldGen       total 64000K, used 1426K [0x0000000780000000, 0x0000000783e80000, 0x00000007aab00000)
  object space 64000K, 2% used [0x0000000780000000,0x00000007801648e0,0x0000000783e80000)
 Metaspace       used 10835K, capacity 11011K, committed 11136K, reserved 1058816K
  class space    used 1246K, capacity 1305K, committed 1408K, reserved 1048576K
Event: 2.499 GC heap after
Heap after GC invocations=9 (full 0):
 PSYoungGen      total 10240K, used 800K [0x00000007aab00000, 0x00000007abc00000, 0x00000007c0000000)
  eden space 8192K, 0% used [0x00000007aab00000,0x00000007aab00000,0x00000007ab300000)
  from space 2048K, 39% used [0x00000007ab300000,0x00000007ab3c8000,0x00000007ab500000)
  to   space 2048K, 0% used [0x00000007aba00000,0x00000007aba00000,0x00000007abc00000)
 ParOldGen       total 64000K, used 2039K [0x0000000780000000, 0x0000000783e80000, 0x00000007aab00000)
  object space 64000K, 3% used [0x0000000780000000,0x00000007801fdc20,0x0000000783e80000)
 Metaspace       used 10835K, capacity 11011K, committed 11136K, reserved 1058816K
  class space    used 1246K, capacity 1305K, committed 1408K, reserved 1048576K
}
Event: 3.359 GC heap before
{Heap before GC invocations=10 (full 0):
 PSYoungGen      total 10240K, used 8992K [0x00000007aab00000, 0x00000007abc00000, 0x00000007c0000000)
  eden space 8192K, 100% used [0x00000007aab00000,0x00000007ab300000,0x00000007ab300000)
  from space 2048K, 39% used [0x00000007ab300000,0x00000007ab3c8000,0x00000007ab500000)
  to   space 2048K, 0% used [0x00000007aba00000,0x00000007aba00000,0x00000007abc00000)
 ParOldGen       total 64000K, used 2039K [0x0000000780000000, 0x0000000783e80000, 0x00000007aab00000)
  object space 64000K, 3% used [0x0000000780000000,0x00000007801fdc20,0x0000000783e80000)
 Metaspace       used 10979K, capacity 11107K, committed 11392K, reserved 1058816K
  class space    used 1275K, capacity 1337K, committed 1408K, reserved 1048576K
Event: 3.361 GC heap after
Heap after GC invocations=10 (full 0):
 PSYoungGen      total 8704K, used 160K [0x00000007aab00000, 0x00000007aba80000, 0x00000007c0000000)
  eden space 8192K, 0% used [0x00000007aab00000,0x00000007aab00000,0x00000007ab300000)
  from space 512K, 31% used [0x00000007aba00000,0x00000007aba28000,0x00000007aba80000)
  to   space 2048K, 0% used [0x00000007ab680000,0x00000007ab680000,0x00000007ab880000)
 ParOldGen       total 64000K, used 2743K [0x0000000780000000, 0x0000000783e80000, 0x00000007aab00000)
  object space 64000K, 4% used [0x0000000780000000,0x00000007802add88,0x0000000783e80000)
 Metaspace       used 10979K, capacity 11107K, committed 11392K, reserved 1058816K
  class space    used 1275K, capacity 1337K, committed 1408K, reserved 1048576K
}
Event: 4.038 GC heap before
{Heap before GC invocations=11 (full 0):
 PSYoungGen      total 8704K, used 8352K [0x00000007aab00000, 0x00000007aba80000, 0x00000007c0000000)
  eden space 8192K, 100% used [0x00000007aab00000,0x00000007ab300000,0x00000007ab300000)
  from space 512K, 31% used [0x00000007aba00000,0x00000007aba28000,0x00000007aba80000)
  to   space 2048K, 0% used [0x00000007ab680000,0x00000007ab680000,0x00000007ab880000)
 ParOldGen       total 64000K, used 2743K [0x0000000780000000, 0x0000000783e80000, 0x00000007aab00000)
  object space 64000K, 4% used [0x0000000780000000,0x00000007802add88,0x0000000783e80000)
 Metaspace       used 10981K, capacity 11107K, committed 11392K, reserved 1058816K
  class space    used 1275K, capacity 1337K, committed 1408K, reserved 1048576K
Event: 4.039 GC heap after
Heap after GC invocations=11 (full 0):
 PSYoungGen      total 10240K, used 64K [0x00000007aab00000, 0x00000007aba80000, 0x00000007c0000000)
  eden space 8192K, 0% used [0x00000007aab00000,0x00000007aab00000,0x00000007ab300000)
  from space 2048K, 3% used [0x00000007ab680000,0x00000007ab690000,0x00000007ab880000)
  to   space 2048K, 0% used [0x00000007ab880000,0x00000007ab880000,0x00000007aba80000)
 ParOldGen       total 64000K, used 2823K [0x0000000780000000, 0x0000000783e80000, 0x00000007aab00000)
  object space 64000K, 4% used [0x0000000780000000,0x00000007802c1d88,0x0000000783e80000)
 Metaspace       used 10981K, capacity 11107K, committed 11392K, reserved 1058816K
  class space    used 1275K, capacity 1337K, committed 1408K, reserved 1048576K
}

