# JRE version: Java(TM) SE Runtime Environment (8.0_11-b12) (build 1.8.0_11-b12)
# Java VM: Java HotSpot(TM) 64-Bit Server VM (25.11-b03 mixed mode bsd-amd64 compressed oops)
Heap:
 PSYoungGen      total 9728K, used 4417K [0x00000007aab00000, 0x00000007ab780000, 0x00000007c0000000)
  eden space 7680K, 56% used [0x00000007aab00000,0x00000007aaf405a8,0x00000007ab280000)
  from space 2048K, 3% used [0x00000007ab580000,0x00000007ab590000,0x00000007ab780000)
  to   space 2560K, 0% used [0x00000007ab280000,0x00000007ab280000,0x00000007ab500000)
 ParOldGen       total 64000K, used 3910K [0x0000000780000000, 0x0000000783e80000, 0x00000007aab00000)
  object space 64000K, 6% used [0x0000000780000000,0x00000007803d1b98,0x0000000783e80000)
 Metaspace       used 12456K, capacity 12649K, committed 12800K, reserved 1060864K
  class space    used 1474K, capacity 1530K, committed 1536K, reserved 1048576K
GC Heap History (10 events):
Event: 6.214 GC heap before
{Heap before GC invocations=10 (full 0):
 PSYoungGen      total 10240K, used 9200K [0x00000007aab00000, 0x00000007abc00000, 0x00000007c0000000)
  eden space 7680K, 100% used [0x00000007aab00000,0x00000007ab280000,0x00000007ab280000)
  from space 2560K, 59% used [0x00000007ab280000,0x00000007ab3fc020,0x00000007ab500000)
  to   space 2560K, 0% used [0x00000007ab980000,0x00000007ab980000,0x00000007abc00000)
 ParOldGen       total 64000K, used 2320K [0x0000000780000000, 0x0000000783e80000, 0x00000007aab00000)
  object space 64000K, 3% used [0x0000000780000000,0x00000007802441a0,0x0000000783e80000)
 Metaspace       used 12417K, capacity 12521K, committed 12544K, reserved 1060864K
  class space    used 1474K, capacity 1530K, committed 1536K, reserved 1048576K
Event: 6.217 GC heap after
Heap after GC invocations=10 (full 0):
 PSYoungGen      total 8192K, used 128K [0x00000007aab00000, 0x00000007aba00000, 0x00000007c0000000)
  eden space 7680K, 0% used [0x00000007aab00000,0x00000007aab00000,0x00000007ab280000)
  from space 512K, 25% used [0x00000007ab980000,0x00000007ab9a0000,0x00000007aba00000)
  to   space 2560K, 0% used [0x00000007ab500000,0x00000007ab500000,0x00000007ab780000)
 ParOldGen       total 64000K, used 3822K [0x0000000780000000, 0x0000000783e80000, 0x00000007aab00000)
  object space 64000K, 5% used [0x0000000780000000,0x00000007803bbb98,0x0000000783e80000)
 Metaspace       used 12417K, capacity 12521K, committed 12544K, reserved 1060864K
  class space    used 1474K, capacity 1530K, committed 1536K, reserved 1048576K
}
Event: 8.280 GC heap before
{Heap before GC invocations=11 (full 0):
 PSYoungGen      total 8192K, used 7808K [0x00000007aab00000, 0x00000007aba00000, 0x00000007c0000000)
  eden space 7680K, 100% used [0x00000007aab00000,0x00000007ab280000,0x00000007ab280000)
  from space 512K, 25% used [0x00000007ab980000,0x00000007ab9a0000,0x00000007aba00000)
  to   space 2560K, 0% used [0x00000007ab500000,0x00000007ab500000,0x00000007ab780000)
 ParOldGen       total 64000K, used 3822K [0x0000000780000000, 0x0000000783e80000, 0x00000007aab00000)
  object space 64000K, 5% used [0x0000000780000000,0x00000007803bbb98,0x0000000783e80000)
 Metaspace       used 12423K, capacity 12521K, committed 12544K, reserved 1060864K
  class space    used 1474K, capacity 1530K, committed 1536K, reserved 1048576K
Event: 8.281 GC heap after
Heap after GC invocations=11 (full 0):
 PSYoungGen      total 10240K, used 64K [0x00000007aab00000, 0x00000007aba00000, 0x00000007c0000000)
  eden space 7680K, 0% used [0x00000007aab00000,0x00000007aab00000,0x00000007ab280000)
  from space 2560K, 2% used [0x00000007ab500000,0x00000007ab510000,0x00000007ab780000)
  to   space 2560K, 0% used [0x00000007ab780000,0x00000007ab780000,0x00000007aba00000)
 ParOldGen       total 64000K, used 3846K [0x0000000780000000, 0x0000000783e80000, 0x00000007aab00000)
  object space 64000K, 6% used [0x0000000780000000,0x00000007803c1b98,0x0000000783e80000)
 Metaspace       used 12423K, capacity 12521K, committed 12544K, reserved 1060864K
  class space    used 1474K, capacity 1530K, committed 1536K, reserved 1048576K
}
Event: 10.865 GC heap before
{Heap before GC invocations=12 (full 0):
 PSYoungGen      total 10240K, used 7744K [0x00000007aab00000, 0x00000007aba00000, 0x00000007c0000000)
  eden space 7680K, 100% used [0x00000007aab00000,0x00000007ab280000,0x00000007ab280000)
  from space 2560K, 2% used [0x00000007ab500000,0x00000007ab510000,0x00000007ab780000)
  to   space 2560K, 0% used [0x00000007ab780000,0x00000007ab780000,0x00000007aba00000)
 ParOldGen       total 64000K, used 3846K [0x0000000780000000, 0x0000000783e80000, 0x00000007aab00000)
  object space 64000K, 6% used [0x0000000780000000,0x00000007803c1b98,0x0000000783e80000)
 Metaspace       used 12427K, capacity 12521K, committed 12544K, reserved 1060864K
  class space    used 1474K, capacity 1530K, committed 1536K, reserved 1048576K
Event: 10.866 GC heap after
Heap after GC invocations=12 (full 0):
 PSYoungGen      total 8192K, used 96K [0x00000007aab00000, 0x00000007ab800000, 0x00000007c0000000)
  eden space 7680K, 0% used [0x00000007aab00000,0x00000007aab00000,0x00000007ab280000)
  from space 512K, 18% used [0x00000007ab780000,0x00000007ab798000,0x00000007ab800000)
  to   space 2560K, 0% used [0x00000007ab300000,0x00000007ab300000,0x00000007ab580000)
 ParOldGen       total 64000K, used 3870K [0x0000000780000000, 0x0000000783e80000, 0x00000007aab00000)
  object space 64000K, 6% used [0x0000000780000000,0x00000007803c7b98,0x0000000783e80000)
 Metaspace       used 12427K, capacity 12521K, committed 12544K, reserved 1060864K
  class space    used 1474K, capacity 1530K, committed 1536K, reserved 1048576K
}
Event: 13.074 GC heap before
{Heap before GC invocations=13 (full 0):
 PSYoungGen      total 8192K, used 7776K [0x00000007aab00000, 0x00000007ab800000, 0x00000007c0000000)
  eden space 7680K, 100% used [0x00000007aab00000,0x00000007ab280000,0x00000007ab280000)
  from space 512K, 18% used [0x00000007ab780000,0x00000007ab798000,0x00000007ab800000)
  to   space 2560K, 0% used [0x00000007ab300000,0x00000007ab300000,0x00000007ab580000)
 ParOldGen       total 64000K, used 3870K [0x0000000780000000, 0x0000000783e80000, 0x00000007aab00000)
  object space 64000K, 6% used [0x0000000780000000,0x00000007803c7b98,0x0000000783e80000)
 Metaspace       used 12445K, capacity 12649K, committed 12800K, reserved 1060864K
  class space    used 1474K, capacity 1530K, committed 1536K, reserved 1048576K
Event: 13.074 GC heap after
Heap after GC invocations=13 (full 0):
 PSYoungGen      total 10240K, used 96K [0x00000007aab00000, 0x00000007ab800000, 0x00000007c0000000)
  eden space 7680K, 0% used [0x00000007aab00000,0x00000007aab00000,0x00000007ab280000)
  from space 2560K, 3% used [0x00000007ab300000,0x00000007ab318000,0x00000007ab580000)
  to   space 2560K, 0% used [0x00000007ab580000,0x00000007ab580000,0x00000007ab800000)
 ParOldGen       total 64000K, used 3894K [0x0000000780000000, 0x0000000783e80000, 0x00000007aab00000)
  object space 64000K, 6% used [0x0000000780000000,0x00000007803cdb98,0x0000000783e80000)
 Metaspace       used 12445K, capacity 12649K, committed 12800K, reserved 1060864K
  class space    used 1474K, capacity 1530K, committed 1536K, reserved 1048576K
}
Event: 16.002 GC heap before
{Heap before GC invocations=14 (full 0):
 PSYoungGen      total 10240K, used 7776K [0x00000007aab00000, 0x00000007ab800000, 0x00000007c0000000)
  eden space 7680K, 100% used [0x00000007aab00000,0x00000007ab280000,0x00000007ab280000)
  from space 2560K, 3% used [0x00000007ab300000,0x00000007ab318000,0x00000007ab580000)
  to   space 2560K, 0% used [0x00000007ab580000,0x00000007ab580000,0x00000007ab800000)
 ParOldGen       total 64000K, used 3894K [0x0000000780000000, 0x0000000783e80000, 0x00000007aab00000)
  object space 64000K, 6% used [0x0000000780000000,0x00000007803cdb98,0x0000000783e80000)
 Metaspace       used 12445K, capacity 12649K, committed 12800K, reserved 1060864K
  class space    used 1474K, capacity 1530K, committed 1536K, reserved 1048576K
Event: 16.003 GC heap after
Heap after GC invocations=14 (full 0):
 PSYoungGen      total 9728K, used 64K [0x00000007aab00000, 0x00000007ab780000, 0x00000007c0000000)
  eden space 7680K, 0% used [0x00000007aab00000,0x00000007aab00000,0x00000007ab280000)
  from space 2048K, 3% used [0x00000007ab580000,0x00000007ab590000,0x00000007ab780000)
  to   space 2560K, 0% used [0x00000007ab280000,0x00000007ab280000,0x00000007ab500000)
 ParOldGen       total 64000K, used 3910K [0x0000000780000000, 0x0000000783e80000, 0x00000007aab00000)
  object space 64000K, 6% used [0x0000000780000000,0x00000007803d1b98,0x0000000783e80000)
 Metaspace       used 12445K, capacity 12649K, committed 12800K, reserved 1060864K
  class space    used 1474K, capacity 1530K, committed 1536K, reserved 1048576K
}

