# JRE version: Java(TM) SE Runtime Environment (8.0_11-b12) (build 1.8.0_11-b12)
# Java VM: Java HotSpot(TM) 64-Bit Server VM (25.11-b03 mixed mode bsd-amd64 compressed oops)
Heap:
 PSYoungGen      total 13824K, used 3945K [0x00000007aab00000, 0x00000007abb00000, 0x00000007c0000000)
  eden space 12288K, 31% used [0x00000007aab00000,0x00000007aaeba4c8,0x00000007ab700000)
  from space 1536K, 8% used [0x00000007ab980000,0x00000007ab9a0000,0x00000007abb00000)
  to   space 2048K, 0% used [0x00000007ab700000,0x00000007ab700000,0x00000007ab900000)
 ParOldGen       total 64000K, used 2586K [0x0000000780000000, 0x0000000783e80000, 0x00000007aab00000)
  object space 64000K, 4% used [0x0000000780000000,0x0000000780286ab8,0x0000000783e80000)
 Metaspace       used 10965K, capacity 11075K, committed 11392K, reserved 1058816K
  class space    used 1258K, capacity 1305K, committed 1408K, reserved 1048576K
GC Heap History (10 events):
Event: 2.325 GC heap before
{Heap before GC invocations=8 (full 0):
 PSYoungGen      total 5632K, used 5504K [0x00000007aab00000, 0x00000007ab700000, 0x00000007c0000000)
  eden space 4096K, 100% used [0x00000007aab00000,0x00000007aaf00000,0x00000007aaf00000)
  from space 1536K, 91% used [0x00000007aaf00000,0x00000007ab060000,0x00000007ab080000)
  to   space 2048K, 0% used [0x00000007ab500000,0x00000007ab500000,0x00000007ab700000)
 ParOldGen       total 64000K, used 1258K [0x0000000780000000, 0x0000000783e80000, 0x00000007aab00000)
  object space 64000K, 1% used [0x0000000780000000,0x000000078013a850,0x0000000783e80000)
 Metaspace       used 10759K, capacity 10915K, committed 11008K, reserved 1058816K
  class space    used 1230K, capacity 1273K, committed 1280K, reserved 1048576K
Event: 2.328 GC heap after
Heap after GC invocations=8 (full 0):
 PSYoungGen      total 10240K, used 1152K [0x00000007aab00000, 0x00000007ab700000, 0x00000007c0000000)
  eden space 8192K, 0% used [0x00000007aab00000,0x00000007aab00000,0x00000007ab300000)
  from space 2048K, 56% used [0x00000007ab500000,0x00000007ab620000,0x00000007ab700000)
  to   space 2048K, 0% used [0x00000007ab300000,0x00000007ab300000,0x00000007ab500000)
 ParOldGen       total 64000K, used 1414K [0x0000000780000000, 0x0000000783e80000, 0x00000007aab00000)
  object space 64000K, 2% used [0x0000000780000000,0x0000000780161860,0x0000000783e80000)
 Metaspace       used 10759K, capacity 10915K, committed 11008K, reserved 1058816K
  class space    used 1230K, capacity 1273K, committed 1280K, reserved 1048576K
}
Event: 2.922 GC heap before
{Heap before GC invocations=9 (full 0):
 PSYoungGen      total 10240K, used 9344K [0x00000007aab00000, 0x00000007ab700000, 0x00000007c0000000)
  eden space 8192K, 100% used [0x00000007aab00000,0x00000007ab300000,0x00000007ab300000)
  from space 2048K, 56% used [0x00000007ab500000,0x00000007ab620000,0x00000007ab700000)
  to   space 2048K, 0% used [0x00000007ab300000,0x00000007ab300000,0x00000007ab500000)
 ParOldGen       total 64000K, used 1414K [0x0000000780000000, 0x0000000783e80000, 0x00000007aab00000)
  object space 64000K, 2% used [0x0000000780000000,0x0000000780161860,0x0000000783e80000)
 Metaspace       used 10874K, capacity 11011K, committed 11136K, reserved 1058816K
  class space    used 1254K, capacity 1305K, committed 1408K, reserved 1048576K
Event: 2.924 GC heap after
Heap after GC invocations=9 (full 0):
 PSYoungGen      total 10240K, used 544K [0x00000007aab00000, 0x00000007abc00000, 0x00000007c0000000)
  eden space 8192K, 0% used [0x00000007aab00000,0x00000007aab00000,0x00000007ab300000)
  from space 2048K, 26% used [0x00000007ab300000,0x00000007ab388000,0x00000007ab500000)
  to   space 2048K, 0% used [0x00000007aba00000,0x00000007aba00000,0x00000007abc00000)
 ParOldGen       total 64000K, used 2045K [0x0000000780000000, 0x0000000783e80000, 0x00000007aab00000)
  object space 64000K, 3% used [0x0000000780000000,0x00000007801ff4c0,0x0000000783e80000)
 Metaspace       used 10874K, capacity 11011K, committed 11136K, reserved 1058816K
  class space    used 1254K, capacity 1305K, committed 1408K, reserved 1048576K
}
Event: 3.513 GC heap before
{Heap before GC invocations=10 (full 0):
 PSYoungGen      total 10240K, used 8736K [0x00000007aab00000, 0x00000007abc00000, 0x00000007c0000000)
  eden space 8192K, 100% used [0x00000007aab00000,0x00000007ab300000,0x00000007ab300000)
  from space 2048K, 26% used [0x00000007ab300000,0x00000007ab388000,0x00000007ab500000)
  to   space 2048K, 0% used [0x00000007aba00000,0x00000007aba00000,0x00000007abc00000)
 ParOldGen       total 64000K, used 2045K [0x0000000780000000, 0x0000000783e80000, 0x00000007aab00000)
  object space 64000K, 3% used [0x0000000780000000,0x00000007801ff4c0,0x0000000783e80000)
 Metaspace       used 10878K, capacity 11011K, committed 11136K, reserved 1058816K
  class space    used 1254K, capacity 1305K, committed 1408K, reserved 1048576K
Event: 3.515 GC heap after
Heap after GC invocations=10 (full 0):
 PSYoungGen      total 15360K, used 96K [0x00000007aab00000, 0x00000007abc00000, 0x00000007c0000000)
  eden space 13312K, 0% used [0x00000007aab00000,0x00000007aab00000,0x00000007ab800000)
  from space 2048K, 4% used [0x00000007aba00000,0x00000007aba18000,0x00000007abc00000)
  to   space 2048K, 0% used [0x00000007ab800000,0x00000007ab800000,0x00000007aba00000)
 ParOldGen       total 64000K, used 2538K [0x0000000780000000, 0x0000000783e80000, 0x00000007aab00000)
  object space 64000K, 3% used [0x0000000780000000,0x000000078027aab8,0x0000000783e80000)
 Metaspace       used 10878K, capacity 11011K, committed 11136K, reserved 1058816K
  class space    used 1254K, capacity 1305K, committed 1408K, reserved 1048576K
}
Event: 4.912 GC heap before
{Heap before GC invocations=11 (full 0):
 PSYoungGen      total 15360K, used 13408K [0x00000007aab00000, 0x00000007abc00000, 0x00000007c0000000)
  eden space 13312K, 100% used [0x00000007aab00000,0x00000007ab800000,0x00000007ab800000)
  from space 2048K, 4% used [0x00000007aba00000,0x00000007aba18000,0x00000007abc00000)
  to   space 2048K, 0% used [0x00000007ab800000,0x00000007ab800000,0x00000007aba00000)
 ParOldGen       total 64000K, used 2538K [0x0000000780000000, 0x0000000783e80000, 0x00000007aab00000)
  object space 64000K, 3% used [0x0000000780000000,0x000000078027aab8,0x0000000783e80000)
 Metaspace       used 10903K, capacity 11011K, committed 11136K, reserved 1058816K
  class space    used 1254K, capacity 1305K, committed 1408K, reserved 1048576K
Event: 4.913 GC heap after
Heap after GC invocations=11 (full 0):
 PSYoungGen      total 13312K, used 128K [0x00000007aab00000, 0x00000007abb80000, 0x00000007c0000000)
  eden space 12800K, 0% used [0x00000007aab00000,0x00000007aab00000,0x00000007ab780000)
  from space 512K, 25% used [0x00000007ab800000,0x00000007ab820000,0x00000007ab880000)
  to   space 2048K, 0% used [0x00000007ab980000,0x00000007ab980000,0x00000007abb80000)
 ParOldGen       total 64000K, used 2562K [0x0000000780000000, 0x0000000783e80000, 0x00000007aab00000)
  object space 64000K, 4% used [0x0000000780000000,0x0000000780280ab8,0x0000000783e80000)
 Metaspace       used 10903K, capacity 11011K, committed 11136K, reserved 1058816K
  class space    used 1254K, capacity 1305K, committed 1408K, reserved 1048576K
}
Event: 6.147 GC heap before
{Heap before GC invocations=12 (full 0):
 PSYoungGen      total 13312K, used 12928K [0x00000007aab00000, 0x00000007abb80000, 0x00000007c0000000)
  eden space 12800K, 100% used [0x00000007aab00000,0x00000007ab780000,0x00000007ab780000)
  from space 512K, 25% used [0x00000007ab800000,0x00000007ab820000,0x00000007ab880000)
  to   space 2048K, 0% used [0x00000007ab980000,0x00000007ab980000,0x00000007abb80000)
 ParOldGen       total 64000K, used 2562K [0x0000000780000000, 0x0000000783e80000, 0x00000007aab00000)
  object space 64000K, 4% used [0x0000000780000000,0x0000000780280ab8,0x0000000783e80000)
 Metaspace       used 10950K, capacity 11075K, committed 11392K, reserved 1058816K
  class space    used 1257K, capacity 1305K, committed 1408K, reserved 1048576K
Event: 6.148 GC heap after
Heap after GC invocations=12 (full 0):
 PSYoungGen      total 13824K, used 128K [0x00000007aab00000, 0x00000007abb00000, 0x00000007c0000000)
  eden space 12288K, 0% used [0x00000007aab00000,0x00000007aab00000,0x00000007ab700000)
  from space 1536K, 8% used [0x00000007ab980000,0x00000007ab9a0000,0x00000007abb00000)
  to   space 2048K, 0% used [0x00000007ab700000,0x00000007ab700000,0x00000007ab900000)
 ParOldGen       total 64000K, used 2586K [0x0000000780000000, 0x0000000783e80000, 0x00000007aab00000)
  object space 64000K, 4% used [0x0000000780000000,0x0000000780286ab8,0x0000000783e80000)
 Metaspace       used 10950K, capacity 11075K, committed 11392K, reserved 1058816K
  class space    used 1257K, capacity 1305K, committed 1408K, reserved 1048576K
}

