# JRE version: Java(TM) SE Runtime Environment (8.0_11-b12) (build 1.8.0_11-b12)
# Java VM: Java HotSpot(TM) 64-Bit Server VM (25.11-b03 mixed mode bsd-amd64 compressed oops)
Heap:
 PSYoungGen      total 10752K, used 7214K [0x00000007aab00000, 0x00000007aba00000, 0x00000007c0000000)
  eden space 10240K, 70% used [0x00000007aab00000,0x00000007ab2038f8,0x00000007ab500000)
  from space 512K, 6% used [0x00000007ab980000,0x00000007ab988000,0x00000007aba00000)
  to   space 512K, 0% used [0x00000007ab900000,0x00000007ab900000,0x00000007ab980000)
 ParOldGen       total 64000K, used 2461K [0x0000000780000000, 0x0000000783e80000, 0x00000007aab00000)
  object space 64000K, 3% used [0x0000000780000000,0x00000007802676d0,0x0000000783e80000)
 Metaspace       used 8507K, capacity 8605K, committed 8704K, reserved 1056768K
  class space    used 909K, capacity 951K, committed 1024K, reserved 1048576K
GC Heap History (10 events):
Event: 13.578 GC heap before
{Heap before GC invocations=80 (full 0):
 PSYoungGen      total 10752K, used 10304K [0x00000007aab00000, 0x00000007aba00000, 0x00000007c0000000)
  eden space 10240K, 100% used [0x00000007aab00000,0x00000007ab500000,0x00000007ab500000)
  from space 512K, 12% used [0x00000007ab900000,0x00000007ab910000,0x00000007ab980000)
  to   space 512K, 0% used [0x00000007ab980000,0x00000007ab980000,0x00000007aba00000)
 ParOldGen       total 64000K, used 2437K [0x0000000780000000, 0x0000000783e80000, 0x00000007aab00000)
  object space 64000K, 3% used [0x0000000780000000,0x00000007802616d0,0x0000000783e80000)
 Metaspace       used 8498K, capacity 8605K, committed 8704K, reserved 1056768K
  class space    used 909K, capacity 951K, committed 1024K, reserved 1048576K
Event: 13.579 GC heap after
Heap after GC invocations=80 (full 0):
 PSYoungGen      total 10752K, used 32K [0x00000007aab00000, 0x00000007aba00000, 0x00000007c0000000)
  eden space 10240K, 0% used [0x00000007aab00000,0x00000007aab00000,0x00000007ab500000)
  from space 512K, 6% used [0x00000007ab980000,0x00000007ab988000,0x00000007aba00000)
  to   space 512K, 0% used [0x00000007ab900000,0x00000007ab900000,0x00000007ab980000)
 ParOldGen       total 64000K, used 2461K [0x0000000780000000, 0x0000000783e80000, 0x00000007aab00000)
  object space 64000K, 3% used [0x0000000780000000,0x00000007802676d0,0x0000000783e80000)
 Metaspace       used 8498K, capacity 8605K, committed 8704K, reserved 1056768K
  class space    used 909K, capacity 951K, committed 1024K, reserved 1048576K
}
Event: 13.744 GC heap before
{Heap before GC invocations=81 (full 0):
 PSYoungGen      total 10752K, used 10272K [0x00000007aab00000, 0x00000007aba00000, 0x00000007c0000000)
  eden space 10240K, 100% used [0x00000007aab00000,0x00000007ab500000,0x00000007ab500000)
  from space 512K, 6% used [0x00000007ab980000,0x00000007ab988000,0x00000007aba00000)
  to   space 512K, 0% used [0x00000007ab900000,0x00000007ab900000,0x00000007ab980000)
 ParOldGen       total 64000K, used 2461K [0x0000000780000000, 0x0000000783e80000, 0x00000007aab00000)
  object space 64000K, 3% used [0x0000000780000000,0x00000007802676d0,0x0000000783e80000)
 Metaspace       used 8499K, capacity 8605K, committed 8704K, reserved 1056768K
  class space    used 909K, capacity 951K, committed 1024K, reserved 1048576K
Event: 13.745 GC heap after
Heap after GC invocations=81 (full 0):
 PSYoungGen      total 10752K, used 64K [0x00000007aab00000, 0x00000007aba00000, 0x00000007c0000000)
  eden space 10240K, 0% used [0x00000007aab00000,0x00000007aab00000,0x00000007ab500000)
  from space 512K, 12% used [0x00000007ab900000,0x00000007ab910000,0x00000007ab980000)
  to   space 512K, 0% used [0x00000007ab980000,0x00000007ab980000,0x00000007aba00000)
 ParOldGen       total 64000K, used 2461K [0x0000000780000000, 0x0000000783e80000, 0x00000007aab00000)
  object space 64000K, 3% used [0x0000000780000000,0x00000007802676d0,0x0000000783e80000)
 Metaspace       used 8499K, capacity 8605K, committed 8704K, reserved 1056768K
  class space    used 909K, capacity 951K, committed 1024K, reserved 1048576K
}
Event: 13.907 GC heap before
{Heap before GC invocations=82 (full 0):
 PSYoungGen      total 10752K, used 10304K [0x00000007aab00000, 0x00000007aba00000, 0x00000007c0000000)
  eden space 10240K, 100% used [0x00000007aab00000,0x00000007ab500000,0x00000007ab500000)
  from space 512K, 12% used [0x00000007ab900000,0x00000007ab910000,0x00000007ab980000)
  to   space 512K, 0% used [0x00000007ab980000,0x00000007ab980000,0x00000007aba00000)
 ParOldGen       total 64000K, used 2461K [0x0000000780000000, 0x0000000783e80000, 0x00000007aab00000)
  object space 64000K, 3% used [0x0000000780000000,0x00000007802676d0,0x0000000783e80000)
 Metaspace       used 8501K, capacity 8605K, committed 8704K, reserved 1056768K
  class space    used 909K, capacity 951K, committed 1024K, reserved 1048576K
Event: 13.907 GC heap after
Heap after GC invocations=82 (full 0):
 PSYoungGen      total 10752K, used 64K [0x00000007aab00000, 0x00000007aba00000, 0x00000007c0000000)
  eden space 10240K, 0% used [0x00000007aab00000,0x00000007aab00000,0x00000007ab500000)
  from space 512K, 12% used [0x00000007ab980000,0x00000007ab990000,0x00000007aba00000)
  to   space 512K, 0% used [0x00000007ab900000,0x00000007ab900000,0x00000007ab980000)
 ParOldGen       total 64000K, used 2461K [0x0000000780000000, 0x0000000783e80000, 0x00000007aab00000)
  object space 64000K, 3% used [0x0000000780000000,0x00000007802676d0,0x0000000783e80000)
 Metaspace       used 8501K, capacity 8605K, committed 8704K, reserved 1056768K
  class space    used 909K, capacity 951K, committed 1024K, reserved 1048576K
}
Event: 14.093 GC heap before
{Heap before GC invocations=83 (full 0):
 PSYoungGen      total 10752K, used 10304K [0x00000007aab00000, 0x00000007aba00000, 0x00000007c0000000)
  eden space 10240K, 100% used [0x00000007aab00000,0x00000007ab500000,0x00000007ab500000)
  from space 512K, 12% used [0x00000007ab980000,0x00000007ab990000,0x00000007aba00000)
  to   space 512K, 0% used [0x00000007ab900000,0x00000007ab900000,0x00000007ab980000)
 ParOldGen       total 64000K, used 2461K [0x0000000780000000, 0x0000000783e80000, 0x00000007aab00000)
  object space 64000K, 3% used [0x0000000780000000,0x00000007802676d0,0x0000000783e80000)
 Metaspace       used 8501K, capacity 8605K, committed 8704K, reserved 1056768K
  class space    used 909K, capacity 951K, committed 1024K, reserved 1048576K
Event: 14.093 GC heap after
Heap after GC invocations=83 (full 0):
 PSYoungGen      total 10752K, used 32K [0x00000007aab00000, 0x00000007aba00000, 0x00000007c0000000)
  eden space 10240K, 0% used [0x00000007aab00000,0x00000007aab00000,0x00000007ab500000)
  from space 512K, 6% used [0x00000007ab900000,0x00000007ab908000,0x00000007ab980000)
  to   space 512K, 0% used [0x00000007ab980000,0x00000007ab980000,0x00000007aba00000)
 ParOldGen       total 64000K, used 2461K [0x0000000780000000, 0x0000000783e80000, 0x00000007aab00000)
  object space 64000K, 3% used [0x0000000780000000,0x00000007802676d0,0x0000000783e80000)
 Metaspace       used 8501K, capacity 8605K, committed 8704K, reserved 1056768K
  class space    used 909K, capacity 951K, committed 1024K, reserved 1048576K
}
Event: 14.288 GC heap before
{Heap before GC invocations=84 (full 0):
 PSYoungGen      total 10752K, used 10272K [0x00000007aab00000, 0x00000007aba00000, 0x00000007c0000000)
  eden space 10240K, 100% used [0x00000007aab00000,0x00000007ab500000,0x00000007ab500000)
  from space 512K, 6% used [0x00000007ab900000,0x00000007ab908000,0x00000007ab980000)
  to   space 512K, 0% used [0x00000007ab980000,0x00000007ab980000,0x00000007aba00000)
 ParOldGen       total 64000K, used 2461K [0x0000000780000000, 0x0000000783e80000, 0x00000007aab00000)
  object space 64000K, 3% used [0x0000000780000000,0x00000007802676d0,0x0000000783e80000)
 Metaspace       used 8501K, capacity 8605K, committed 8704K, reserved 1056768K
  class space    used 909K, capacity 951K, committed 1024K, reserved 1048576K
Event: 14.289 GC heap after
Heap after GC invocations=84 (full 0):
 PSYoungGen      total 10752K, used 32K [0x00000007aab00000, 0x00000007aba00000, 0x00000007c0000000)
  eden space 10240K, 0% used [0x00000007aab00000,0x00000007aab00000,0x00000007ab500000)
  from space 512K, 6% used [0x00000007ab980000,0x00000007ab988000,0x00000007aba00000)
  to   space 512K, 0% used [0x00000007ab900000,0x00000007ab900000,0x00000007ab980000)
 ParOldGen       total 64000K, used 2461K [0x0000000780000000, 0x0000000783e80000, 0x00000007aab00000)
  object space 64000K, 3% used [0x0000000780000000,0x00000007802676d0,0x0000000783e80000)
 Metaspace       used 8501K, capacity 8605K, committed 8704K, reserved 1056768K
  class space    used 909K, capacity 951K, committed 1024K, reserved 1048576K
}

